mode: atomic
github.com/jesseduffield/lazygit/pkg/gui/files_panel.go:24.48,26.24 2 0
github.com/jesseduffield/lazygit/pkg/gui/files_panel.go:30.2,30.38 1 0
github.com/jesseduffield/lazygit/pkg/gui/files_panel.go:26.24,28.3 1 0
github.com/jesseduffield/lazygit/pkg/gui/files_panel.go:33.56,37.17 3 0
github.com/jesseduffield/lazygit/pkg/gui/files_panel.go:46.2,46.22 1 0
github.com/jesseduffield/lazygit/pkg/gui/files_panel.go:56.2,56.34 1 0
github.com/jesseduffield/lazygit/pkg/gui/files_panel.go:60.2,68.54 4 0
github.com/jesseduffield/lazygit/pkg/gui/files_panel.go:80.2,80.42 1 0
github.com/jesseduffield/lazygit/pkg/gui/files_panel.go:37.17,44.3 1 0
github.com/jesseduffield/lazygit/pkg/gui/files_panel.go:46.22,48.60 1 0
github.com/jesseduffield/lazygit/pkg/gui/files_panel.go:51.3,51.65 1 0
github.com/jesseduffield/lazygit/pkg/gui/files_panel.go:48.60,50.4 1 0
github.com/jesseduffield/lazygit/pkg/gui/files_panel.go:51.65,53.4 1 0
github.com/jesseduffield/lazygit/pkg/gui/files_panel.go:56.34,58.3 1 0
github.com/jesseduffield/lazygit/pkg/gui/files_panel.go:68.54,76.3 3 0
github.com/jesseduffield/lazygit/pkg/gui/files_panel.go:76.8,76.37 1 0
github.com/jesseduffield/lazygit/pkg/gui/files_panel.go:76.37,78.3 1 0
github.com/jesseduffield/lazygit/pkg/gui/files_panel.go:83.51,86.15 3 0
github.com/jesseduffield/lazygit/pkg/gui/files_panel.go:91.2,94.22 3 0
github.com/jesseduffield/lazygit/pkg/gui/files_panel.go:98.2,98.59 1 0
github.com/jesseduffield/lazygit/pkg/gui/files_panel.go:101.2,101.48 1 0
github.com/jesseduffield/lazygit/pkg/gui/files_panel.go:105.2,105.40 1 0
github.com/jesseduffield/lazygit/pkg/gui/files_panel.go:128.2,128.12 1 0
github.com/jesseduffield/lazygit/pkg/gui/files_panel.go:86.15,89.3 2 0
github.com/jesseduffield/lazygit/pkg/gui/files_panel.go:94.22,97.3 1 0
github.com/jesseduffield/lazygit/pkg/gui/files_panel.go:98.59,100.3 1 0
github.com/jesseduffield/lazygit/pkg/gui/files_panel.go:101.48,103.3 1 0
github.com/jesseduffield/lazygit/pkg/gui/files_panel.go:105.40,106.80 1 0
github.com/jesseduffield/lazygit/pkg/gui/files_panel.go:110.3,110.54 1 0
github.com/jesseduffield/lazygit/pkg/gui/files_panel.go:117.3,117.154 1 0
github.com/jesseduffield/lazygit/pkg/gui/files_panel.go:125.3,125.13 1 0
github.com/jesseduffield/lazygit/pkg/gui/files_panel.go:106.80,108.4 1 0
github.com/jesseduffield/lazygit/pkg/gui/files_panel.go:110.54,112.68 1 0
github.com/jesseduffield/lazygit/pkg/gui/files_panel.go:112.68,114.5 1 0
github.com/jesseduffield/lazygit/pkg/gui/files_panel.go:117.154,120.58 3 0
github.com/jesseduffield/lazygit/pkg/gui/files_panel.go:120.58,122.5 1 0
github.com/jesseduffield/lazygit/pkg/gui/files_panel.go:133.46,136.29 3 0
github.com/jesseduffield/lazygit/pkg/gui/files_panel.go:141.2,141.15 1 0
github.com/jesseduffield/lazygit/pkg/gui/files_panel.go:136.29,137.28 1 0
github.com/jesseduffield/lazygit/pkg/gui/files_panel.go:137.28,139.4 1 0
github.com/jesseduffield/lazygit/pkg/gui/files_panel.go:144.47,147.29 3 0
github.com/jesseduffield/lazygit/pkg/gui/files_panel.go:152.2,152.15 1 0
github.com/jesseduffield/lazygit/pkg/gui/files_panel.go:147.29,148.19 1 0
github.com/jesseduffield/lazygit/pkg/gui/files_panel.go:148.19,150.4 1 0
github.com/jesseduffield/lazygit/pkg/gui/files_panel.go:155.43,157.17 2 0
github.com/jesseduffield/lazygit/pkg/gui/files_panel.go:161.2,161.44 1 0
github.com/jesseduffield/lazygit/pkg/gui/files_panel.go:157.17,159.3 1 0
github.com/jesseduffield/lazygit/pkg/gui/files_panel.go:164.68,166.2 1 0
github.com/jesseduffield/lazygit/pkg/gui/files_panel.go:168.82,170.17 2 0
github.com/jesseduffield/lazygit/pkg/gui/files_panel.go:174.2,175.40 2 0
github.com/jesseduffield/lazygit/pkg/gui/files_panel.go:180.2,180.34 1 0
github.com/jesseduffield/lazygit/pkg/gui/files_panel.go:183.2,183.28 1 0
github.com/jesseduffield/lazygit/pkg/gui/files_panel.go:186.2,188.78 2 0
github.com/jesseduffield/lazygit/pkg/gui/files_panel.go:170.17,172.3 1 0
github.com/jesseduffield/lazygit/pkg/gui/files_panel.go:175.40,178.3 2 0
github.com/jesseduffield/lazygit/pkg/gui/files_panel.go:180.34,182.3 1 0
github.com/jesseduffield/lazygit/pkg/gui/files_panel.go:183.28,185.3 1 0
github.com/jesseduffield/lazygit/pkg/gui/files_panel.go:191.41,193.17 2 0
github.com/jesseduffield/lazygit/pkg/gui/files_panel.go:197.2,197.34 1 0
github.com/jesseduffield/lazygit/pkg/gui/files_panel.go:201.2,201.29 1 0
github.com/jesseduffield/lazygit/pkg/gui/files_panel.go:211.2,211.83 1 0
github.com/jesseduffield/lazygit/pkg/gui/files_panel.go:215.2,215.29 1 0
github.com/jesseduffield/lazygit/pkg/gui/files_panel.go:193.17,195.3 1 0
github.com/jesseduffield/lazygit/pkg/gui/files_panel.go:197.34,199.3 1 0
github.com/jesseduffield/lazygit/pkg/gui/files_panel.go:201.29,202.61 1 0
github.com/jesseduffield/lazygit/pkg/gui/files_panel.go:202.61,204.4 1 0
github.com/jesseduffield/lazygit/pkg/gui/files_panel.go:205.8,206.77 1 0
github.com/jesseduffield/lazygit/pkg/gui/files_panel.go:206.77,208.4 1 0
github.com/jesseduffield/lazygit/pkg/gui/files_panel.go:211.83,213.3 1 0
github.com/jesseduffield/lazygit/pkg/gui/files_panel.go:218.39,219.39 1 0
github.com/jesseduffield/lazygit/pkg/gui/files_panel.go:224.2,224.13 1 0
github.com/jesseduffield/lazygit/pkg/gui/files_panel.go:219.39,220.30 1 0
github.com/jesseduffield/lazygit/pkg/gui/files_panel.go:220.30,222.4 1 0
github.com/jesseduffield/lazygit/pkg/gui/files_panel.go:227.44,229.2 1 0
github.com/jesseduffield/lazygit/pkg/gui/files_panel.go:231.67,233.26 2 0
github.com/jesseduffield/lazygit/pkg/gui/files_panel.go:238.2,238.16 1 0
github.com/jesseduffield/lazygit/pkg/gui/files_panel.go:242.2,242.83 1 0
github.com/jesseduffield/lazygit/pkg/gui/files_panel.go:246.2,246.30 1 0
github.com/jesseduffield/lazygit/pkg/gui/files_panel.go:233.26,235.3 1 0
github.com/jesseduffield/lazygit/pkg/gui/files_panel.go:235.8,237.3 1 0
github.com/jesseduffield/lazygit/pkg/gui/files_panel.go:238.16,240.3 1 0
github.com/jesseduffield/lazygit/pkg/gui/files_panel.go:242.83,244.3 1 0
github.com/jesseduffield/lazygit/pkg/gui/files_panel.go:249.69,251.17 2 0
github.com/jesseduffield/lazygit/pkg/gui/files_panel.go:254.2,254.31 1 0
github.com/jesseduffield/lazygit/pkg/gui/files_panel.go:258.2,258.18 1 0
github.com/jesseduffield/lazygit/pkg/gui/files_panel.go:274.2,274.57 1 0
github.com/jesseduffield/lazygit/pkg/gui/files_panel.go:278.2,278.67 1 0
github.com/jesseduffield/lazygit/pkg/gui/files_panel.go:251.17,253.3 1 0
github.com/jesseduffield/lazygit/pkg/gui/files_panel.go:254.31,256.3 1 0
github.com/jesseduffield/lazygit/pkg/gui/files_panel.go:258.18,262.32 1 0
github.com/jesseduffield/lazygit/pkg/gui/files_panel.go:262.32,263.60 1 0
github.com/jesseduffield/lazygit/pkg/gui/files_panel.go:266.5,266.72 1 0
github.com/jesseduffield/lazygit/pkg/gui/files_panel.go:269.5,269.70 1 0
github.com/jesseduffield/lazygit/pkg/gui/files_panel.go:263.60,265.6 1 0
github.com/jesseduffield/lazygit/pkg/gui/files_panel.go:266.72,268.6 1 0
github.com/jesseduffield/lazygit/pkg/gui/files_panel.go:274.57,276.3 1 0
github.com/jesseduffield/lazygit/pkg/gui/files_panel.go:281.81,283.26 2 0
github.com/jesseduffield/lazygit/pkg/gui/files_panel.go:287.2,288.85 2 0
github.com/jesseduffield/lazygit/pkg/gui/files_panel.go:292.2,292.32 1 0
github.com/jesseduffield/lazygit/pkg/gui/files_panel.go:283.26,285.3 1 0
github.com/jesseduffield/lazygit/pkg/gui/files_panel.go:288.85,290.3 1 0
github.com/jesseduffield/lazygit/pkg/gui/files_panel.go:295.72,297.9 2 0
github.com/jesseduffield/lazygit/pkg/gui/files_panel.go:301.2,301.13 1 0
github.com/jesseduffield/lazygit/pkg/gui/files_panel.go:297.9,299.3 1 0
github.com/jesseduffield/lazygit/pkg/gui/files_panel.go:304.43,305.33 1 0
github.com/jesseduffield/lazygit/pkg/gui/files_panel.go:309.2,311.31 3 0
github.com/jesseduffield/lazygit/pkg/gui/files_panel.go:325.2,325.40 1 0
github.com/jesseduffield/lazygit/pkg/gui/files_panel.go:333.2,333.12 1 0
github.com/jesseduffield/lazygit/pkg/gui/files_panel.go:305.33,307.3 1 0
github.com/jesseduffield/lazygit/pkg/gui/files_panel.go:311.31,315.17 4 0
github.com/jesseduffield/lazygit/pkg/gui/files_panel.go:318.3,320.69 3 0
github.com/jesseduffield/lazygit/pkg/gui/files_panel.go:315.17,317.4 1 0
github.com/jesseduffield/lazygit/pkg/gui/files_panel.go:320.69,322.4 1 0
github.com/jesseduffield/lazygit/pkg/gui/files_panel.go:325.40,326.79 1 0
github.com/jesseduffield/lazygit/pkg/gui/files_panel.go:330.3,331.13 2 0
github.com/jesseduffield/lazygit/pkg/gui/files_panel.go:326.79,328.4 1 0
github.com/jesseduffield/lazygit/pkg/gui/files_panel.go:336.68,340.31 1 0
github.com/jesseduffield/lazygit/pkg/gui/files_panel.go:340.31,341.52 1 0
github.com/jesseduffield/lazygit/pkg/gui/files_panel.go:344.4,344.58 1 0
github.com/jesseduffield/lazygit/pkg/gui/files_panel.go:348.4,348.18 1 0
github.com/jesseduffield/lazygit/pkg/gui/files_panel.go:341.52,343.5 1 0
github.com/jesseduffield/lazygit/pkg/gui/files_panel.go:344.58,346.5 1 0
github.com/jesseduffield/lazygit/pkg/gui/files_panel.go:353.48,354.33 1 0
github.com/jesseduffield/lazygit/pkg/gui/files_panel.go:358.2,358.33 1 0
github.com/jesseduffield/lazygit/pkg/gui/files_panel.go:362.2,365.31 1 0
github.com/jesseduffield/lazygit/pkg/gui/files_panel.go:354.33,356.3 1 0
github.com/jesseduffield/lazygit/pkg/gui/files_panel.go:358.33,360.3 1 0
github.com/jesseduffield/lazygit/pkg/gui/files_panel.go:365.31,366.69 1 0
github.com/jesseduffield/lazygit/pkg/gui/files_panel.go:366.69,368.19 2 0
github.com/jesseduffield/lazygit/pkg/gui/files_panel.go:371.5,371.12 1 0
github.com/jesseduffield/lazygit/pkg/gui/files_panel.go:375.5,375.62 1 0
github.com/jesseduffield/lazygit/pkg/gui/files_panel.go:368.19,370.6 1 0
github.com/jesseduffield/lazygit/pkg/gui/files_panel.go:371.12,373.6 1 0
github.com/jesseduffield/lazygit/pkg/gui/files_panel.go:383.49,384.33 1 0
github.com/jesseduffield/lazygit/pkg/gui/files_panel.go:388.2,389.12 2 0
github.com/jesseduffield/lazygit/pkg/gui/files_panel.go:384.33,386.3 1 0
github.com/jesseduffield/lazygit/pkg/gui/files_panel.go:393.51,396.40 3 0
github.com/jesseduffield/lazygit/pkg/gui/files_panel.go:396.40,398.3 1 0
github.com/jesseduffield/lazygit/pkg/gui/files_panel.go:401.49,404.2 2 0
github.com/jesseduffield/lazygit/pkg/gui/files_panel.go:406.67,408.17 2 0
github.com/jesseduffield/lazygit/pkg/gui/files_panel.go:412.2,412.32 1 0
github.com/jesseduffield/lazygit/pkg/gui/files_panel.go:408.17,410.3 1 0
github.com/jesseduffield/lazygit/pkg/gui/files_panel.go:415.67,417.17 2 0
github.com/jesseduffield/lazygit/pkg/gui/files_panel.go:420.2,420.32 1 0
github.com/jesseduffield/lazygit/pkg/gui/files_panel.go:417.17,419.3 1 0
github.com/jesseduffield/lazygit/pkg/gui/files_panel.go:423.71,425.2 1 0
github.com/jesseduffield/lazygit/pkg/gui/files_panel.go:427.43,438.69 5 0
github.com/jesseduffield/lazygit/pkg/gui/files_panel.go:443.2,443.25 1 0
github.com/jesseduffield/lazygit/pkg/gui/files_panel.go:453.2,454.12 2 0
github.com/jesseduffield/lazygit/pkg/gui/files_panel.go:438.69,440.3 1 0
github.com/jesseduffield/lazygit/pkg/gui/files_panel.go:443.25,444.39 1 0
github.com/jesseduffield/lazygit/pkg/gui/files_panel.go:444.39,446.28 2 0
github.com/jesseduffield/lazygit/pkg/gui/files_panel.go:446.28,448.10 2 0
github.com/jesseduffield/lazygit/pkg/gui/files_panel.go:457.68,458.29 1 0
github.com/jesseduffield/lazygit/pkg/gui/files_panel.go:462.2,463.26 2 0
github.com/jesseduffield/lazygit/pkg/gui/files_panel.go:469.2,469.36 1 0
github.com/jesseduffield/lazygit/pkg/gui/files_panel.go:493.2,493.42 1 0
github.com/jesseduffield/lazygit/pkg/gui/files_panel.go:458.29,460.3 1 0
github.com/jesseduffield/lazygit/pkg/gui/files_panel.go:463.26,466.3 1 0
github.com/jesseduffield/lazygit/pkg/gui/files_panel.go:469.36,472.17 2 0
github.com/jesseduffield/lazygit/pkg/gui/files_panel.go:475.3,475.49 1 0
github.com/jesseduffield/lazygit/pkg/gui/files_panel.go:481.3,481.101 1 0
github.com/jesseduffield/lazygit/pkg/gui/files_panel.go:472.17,474.4 1 0
github.com/jesseduffield/lazygit/pkg/gui/files_panel.go:475.49,476.40 1 0
github.com/jesseduffield/lazygit/pkg/gui/files_panel.go:476.40,478.5 1 0
github.com/jesseduffield/lazygit/pkg/gui/files_panel.go:481.101,482.69 1 0
github.com/jesseduffield/lazygit/pkg/gui/files_panel.go:489.4,489.44 1 0
github.com/jesseduffield/lazygit/pkg/gui/files_panel.go:482.69,484.57 2 0
github.com/jesseduffield/lazygit/pkg/gui/files_panel.go:487.5,487.46 1 0
github.com/jesseduffield/lazygit/pkg/gui/files_panel.go:484.57,486.6 1 0
github.com/jesseduffield/lazygit/pkg/gui/files_panel.go:501.56,502.63 1 0
github.com/jesseduffield/lazygit/pkg/gui/files_panel.go:506.2,508.23 2 0
github.com/jesseduffield/lazygit/pkg/gui/files_panel.go:510.2,510.12 1 0
github.com/jesseduffield/lazygit/pkg/gui/files_panel.go:502.63,504.3 1 0
github.com/jesseduffield/lazygit/pkg/gui/files_panel.go:508.23,508.59 1 0
github.com/jesseduffield/lazygit/pkg/gui/files_panel.go:513.72,525.16 5 0
github.com/jesseduffield/lazygit/pkg/gui/files_panel.go:529.2,529.14 1 0
github.com/jesseduffield/lazygit/pkg/gui/files_panel.go:525.16,527.3 1 0
github.com/jesseduffield/lazygit/pkg/gui/files_panel.go:530.16,532.50 2 0
github.com/jesseduffield/lazygit/pkg/gui/files_panel.go:533.15,535.50 2 0
github.com/jesseduffield/lazygit/pkg/gui/files_panel.go:536.17,538.50 2 0
github.com/jesseduffield/lazygit/pkg/gui/files_panel.go:539.10,540.84 1 0
github.com/jesseduffield/lazygit/pkg/gui/files_panel.go:544.98,545.63 1 0
github.com/jesseduffield/lazygit/pkg/gui/files_panel.go:548.2,548.23 1 0
github.com/jesseduffield/lazygit/pkg/gui/files_panel.go:569.2,569.12 1 0
github.com/jesseduffield/lazygit/pkg/gui/files_panel.go:545.63,547.3 1 0
github.com/jesseduffield/lazygit/pkg/gui/files_panel.go:548.23,551.85 3 0
github.com/jesseduffield/lazygit/pkg/gui/files_panel.go:566.3,567.57 2 0
github.com/jesseduffield/lazygit/pkg/gui/files_panel.go:551.85,553.25 2 0
github.com/jesseduffield/lazygit/pkg/gui/files_panel.go:557.4,560.33 1 0
github.com/jesseduffield/lazygit/pkg/gui/files_panel.go:564.4,564.10 1 0
github.com/jesseduffield/lazygit/pkg/gui/files_panel.go:553.25,556.5 2 0
github.com/jesseduffield/lazygit/pkg/gui/files_panel.go:560.33,562.6 1 0
github.com/jesseduffield/lazygit/pkg/gui/files_panel.go:572.62,573.29 1 0
github.com/jesseduffield/lazygit/pkg/gui/files_panel.go:578.2,580.36 2 0
github.com/jesseduffield/lazygit/pkg/gui/files_panel.go:603.2,604.23 2 0
github.com/jesseduffield/lazygit/pkg/gui/files_panel.go:608.2,611.31 1 0
github.com/jesseduffield/lazygit/pkg/gui/files_panel.go:573.29,575.3 1 0
github.com/jesseduffield/lazygit/pkg/gui/files_panel.go:580.36,583.17 2 0
github.com/jesseduffield/lazygit/pkg/gui/files_panel.go:586.3,586.49 1 0
github.com/jesseduffield/lazygit/pkg/gui/files_panel.go:592.3,592.35 1 0
github.com/jesseduffield/lazygit/pkg/gui/files_panel.go:583.17,585.4 1 0
github.com/jesseduffield/lazygit/pkg/gui/files_panel.go:586.49,587.40 1 0
github.com/jesseduffield/lazygit/pkg/gui/files_panel.go:587.40,589.5 1 0
github.com/jesseduffield/lazygit/pkg/gui/files_panel.go:592.35,594.4 1 0
github.com/jesseduffield/lazygit/pkg/gui/files_panel.go:594.9,595.102 1 0
github.com/jesseduffield/lazygit/pkg/gui/files_panel.go:595.102,597.5 1 0
github.com/jesseduffield/lazygit/pkg/gui/files_panel.go:599.8,599.43 1 0
github.com/jesseduffield/lazygit/pkg/gui/files_panel.go:599.43,601.3 1 0
github.com/jesseduffield/lazygit/pkg/gui/files_panel.go:604.23,606.3 1 0
github.com/jesseduffield/lazygit/pkg/gui/files_panel.go:611.31,613.4 1 0
github.com/jesseduffield/lazygit/pkg/gui/files_panel.go:617.45,619.17 2 0
github.com/jesseduffield/lazygit/pkg/gui/files_panel.go:623.2,623.35 1 0
github.com/jesseduffield/lazygit/pkg/gui/files_panel.go:627.2,627.56 1 0
github.com/jesseduffield/lazygit/pkg/gui/files_panel.go:619.17,621.3 1 0
github.com/jesseduffield/lazygit/pkg/gui/files_panel.go:623.35,625.3 1 0
github.com/jesseduffield/lazygit/pkg/gui/files_panel.go:630.49,631.57 1 0
github.com/jesseduffield/lazygit/pkg/gui/files_panel.go:634.2,634.12 1 0
github.com/jesseduffield/lazygit/pkg/gui/files_panel.go:631.57,633.3 1 0
github.com/jesseduffield/lazygit/pkg/gui/files_panel.go:637.51,638.39 1 0
github.com/jesseduffield/lazygit/pkg/gui/files_panel.go:643.2,643.14 1 0
github.com/jesseduffield/lazygit/pkg/gui/files_panel.go:638.39,639.29 1 0
github.com/jesseduffield/lazygit/pkg/gui/files_panel.go:639.29,641.4 1 0
github.com/jesseduffield/lazygit/pkg/gui/files_panel.go:646.72,647.73 1 0
github.com/jesseduffield/lazygit/pkg/gui/files_panel.go:647.73,650.3 2 0
github.com/jesseduffield/lazygit/pkg/gui/files_panel.go:653.74,657.26 1 0
github.com/jesseduffield/lazygit/pkg/gui/files_panel.go:669.2,669.94 1 0
github.com/jesseduffield/lazygit/pkg/gui/files_panel.go:657.26,659.5 1 0
github.com/jesseduffield/lazygit/pkg/gui/files_panel.go:663.26,665.5 1 0
github.com/jesseduffield/lazygit/pkg/gui/files_panel.go:672.71,674.2 1 0
github.com/jesseduffield/lazygit/pkg/gui/files_panel.go:676.84,678.2 1 0
github.com/jesseduffield/lazygit/pkg/gui/git_flow.go:12.84,18.77 4 0
github.com/jesseduffield/lazygit/pkg/gui/git_flow.go:31.2,31.22 1 0
github.com/jesseduffield/lazygit/pkg/gui/git_flow.go:35.2,37.33 3 0
github.com/jesseduffield/lazygit/pkg/gui/git_flow.go:18.77,19.84 1 0
github.com/jesseduffield/lazygit/pkg/gui/git_flow.go:19.84,24.47 3 0
github.com/jesseduffield/lazygit/pkg/gui/git_flow.go:24.47,26.10 2 0
github.com/jesseduffield/lazygit/pkg/gui/git_flow.go:31.22,33.3 1 0
github.com/jesseduffield/lazygit/pkg/gui/git_flow.go:40.76,42.19 2 0
github.com/jesseduffield/lazygit/pkg/gui/git_flow.go:47.2,48.16 2 0
github.com/jesseduffield/lazygit/pkg/gui/git_flow.go:52.2,52.55 1 0
github.com/jesseduffield/lazygit/pkg/gui/git_flow.go:63.2,67.26 1 0
github.com/jesseduffield/lazygit/pkg/gui/git_flow.go:89.2,89.67 1 0
github.com/jesseduffield/lazygit/pkg/gui/git_flow.go:42.19,44.3 1 0
github.com/jesseduffield/lazygit/pkg/gui/git_flow.go:48.16,50.3 1 0
github.com/jesseduffield/lazygit/pkg/gui/git_flow.go:52.55,53.23 1 0
github.com/jesseduffield/lazygit/pkg/gui/git_flow.go:53.23,55.57 2 0
github.com/jesseduffield/lazygit/pkg/gui/git_flow.go:55.57,59.5 3 0
github.com/jesseduffield/lazygit/pkg/gui/git_flow.go:67.26,69.5 1 0
github.com/jesseduffield/lazygit/pkg/gui/pty.go:11.34,12.27 1 0
github.com/jesseduffield/lazygit/pkg/gui/pty.go:15.2,18.109 3 0
github.com/jesseduffield/lazygit/pkg/gui/pty.go:24.2,24.12 1 0
github.com/jesseduffield/lazygit/pkg/gui/pty.go:12.27,14.3 1 0
github.com/jesseduffield/lazygit/pkg/gui/pty.go:18.109,20.3 1 0
github.com/jesseduffield/lazygit/pkg/gui/pty.go:33.81,37.17 3 0
github.com/jesseduffield/lazygit/pkg/gui/pty.go:42.2,45.16 3 0
github.com/jesseduffield/lazygit/pkg/gui/pty.go:49.2,55.16 5 0
github.com/jesseduffield/lazygit/pkg/gui/pty.go:59.2,60.20 2 0
github.com/jesseduffield/lazygit/pkg/gui/pty.go:65.2,65.39 1 0
github.com/jesseduffield/lazygit/pkg/gui/pty.go:69.2,69.102 1 0
github.com/jesseduffield/lazygit/pkg/gui/pty.go:73.2,73.12 1 0
github.com/jesseduffield/lazygit/pkg/gui/pty.go:37.17,40.3 1 0
github.com/jesseduffield/lazygit/pkg/gui/pty.go:45.16,47.3 1 0
github.com/jesseduffield/lazygit/pkg/gui/pty.go:55.16,57.3 1 0
github.com/jesseduffield/lazygit/pkg/gui/pty.go:60.20,63.3 2 0
github.com/jesseduffield/lazygit/pkg/gui/pty.go:65.39,67.3 1 0
github.com/jesseduffield/lazygit/pkg/gui/pty.go:69.102,71.3 1 0
github.com/jesseduffield/lazygit/pkg/gui/updates.go:9.59,13.31 1 0
github.com/jesseduffield/lazygit/pkg/gui/updates.go:13.31,16.4 2 0
github.com/jesseduffield/lazygit/pkg/gui/updates.go:20.77,21.16 1 0
github.com/jesseduffield/lazygit/pkg/gui/updates.go:24.2,24.22 1 0
github.com/jesseduffield/lazygit/pkg/gui/updates.go:27.2,27.41 1 0
github.com/jesseduffield/lazygit/pkg/gui/updates.go:21.16,23.3 1 0
github.com/jesseduffield/lazygit/pkg/gui/updates.go:24.22,26.3 1 0
github.com/jesseduffield/lazygit/pkg/gui/updates.go:30.83,31.16 1 0
github.com/jesseduffield/lazygit/pkg/gui/updates.go:36.2,36.22 1 0
github.com/jesseduffield/lazygit/pkg/gui/updates.go:39.2,39.62 1 0
github.com/jesseduffield/lazygit/pkg/gui/updates.go:43.2,43.41 1 0
github.com/jesseduffield/lazygit/pkg/gui/updates.go:31.16,35.3 2 0
github.com/jesseduffield/lazygit/pkg/gui/updates.go:36.22,38.3 1 0
github.com/jesseduffield/lazygit/pkg/gui/updates.go:39.62,42.3 2 0
github.com/jesseduffield/lazygit/pkg/gui/updates.go:46.50,49.55 3 0
github.com/jesseduffield/lazygit/pkg/gui/updates.go:49.55,49.99 1 0
github.com/jesseduffield/lazygit/pkg/gui/updates.go:52.63,56.16 4 0
github.com/jesseduffield/lazygit/pkg/gui/updates.go:59.2,59.12 1 0
github.com/jesseduffield/lazygit/pkg/gui/updates.go:56.16,58.3 1 0
github.com/jesseduffield/lazygit/pkg/gui/updates.go:62.54,66.31 1 0
github.com/jesseduffield/lazygit/pkg/gui/updates.go:66.31,68.4 1 0
github.com/jesseduffield/lazygit/pkg/gui/diffing.go:10.38,13.2 2 0
github.com/jesseduffield/lazygit/pkg/gui/diffing.go:15.36,27.2 3 0
github.com/jesseduffield/lazygit/pkg/gui/diffing.go:33.49,34.39 1 0
github.com/jesseduffield/lazygit/pkg/gui/diffing.go:35.10,36.13 1 0
github.com/jesseduffield/lazygit/pkg/gui/diffing.go:37.49,39.22 1 0
github.com/jesseduffield/lazygit/pkg/gui/diffing.go:40.32,41.56 1 0
github.com/jesseduffield/lazygit/pkg/gui/diffing.go:42.34,45.20 2 0
github.com/jesseduffield/lazygit/pkg/gui/diffing.go:52.3,52.13 1 0
github.com/jesseduffield/lazygit/pkg/gui/diffing.go:53.10,55.21 2 0
github.com/jesseduffield/lazygit/pkg/gui/diffing.go:58.3,59.10 2 0
github.com/jesseduffield/lazygit/pkg/gui/diffing.go:62.3,62.29 1 0
github.com/jesseduffield/lazygit/pkg/gui/diffing.go:45.20,47.33 2 0
github.com/jesseduffield/lazygit/pkg/gui/diffing.go:50.4,50.16 1 0
github.com/jesseduffield/lazygit/pkg/gui/diffing.go:47.33,49.5 1 0
github.com/jesseduffield/lazygit/pkg/gui/diffing.go:55.21,57.4 1 0
github.com/jesseduffield/lazygit/pkg/gui/diffing.go:59.10,61.4 1 0
github.com/jesseduffield/lazygit/pkg/gui/diffing.go:66.46,68.21 2 0
github.com/jesseduffield/lazygit/pkg/gui/diffing.go:71.2,71.17 1 0
github.com/jesseduffield/lazygit/pkg/gui/diffing.go:68.21,70.3 1 0
github.com/jesseduffield/lazygit/pkg/gui/diffing.go:74.52,75.39 1 0
github.com/jesseduffield/lazygit/pkg/gui/diffing.go:76.51,77.44 1 0
github.com/jesseduffield/lazygit/pkg/gui/diffing.go:78.10,79.12 1 0
github.com/jesseduffield/lazygit/pkg/gui/diffing.go:83.34,87.17 3 0
github.com/jesseduffield/lazygit/pkg/gui/diffing.go:91.2,91.37 1 0
github.com/jesseduffield/lazygit/pkg/gui/diffing.go:95.2,96.16 2 0
github.com/jesseduffield/lazygit/pkg/gui/diffing.go:102.2,102.15 1 0
github.com/jesseduffield/lazygit/pkg/gui/diffing.go:87.17,89.3 1 0
github.com/jesseduffield/lazygit/pkg/gui/diffing.go:91.37,93.3 1 0
github.com/jesseduffield/lazygit/pkg/gui/diffing.go:96.16,98.3 1 0
github.com/jesseduffield/lazygit/pkg/gui/diffing.go:98.8,98.47 1 0
github.com/jesseduffield/lazygit/pkg/gui/diffing.go:98.47,100.3 1 0
github.com/jesseduffield/lazygit/pkg/gui/diffing.go:105.81,106.29 1 0
github.com/jesseduffield/lazygit/pkg/gui/diffing.go:110.2,113.29 3 0
github.com/jesseduffield/lazygit/pkg/gui/diffing.go:127.2,130.26 1 0
github.com/jesseduffield/lazygit/pkg/gui/diffing.go:139.2,139.38 1 0
github.com/jesseduffield/lazygit/pkg/gui/diffing.go:158.2,158.96 1 0
github.com/jesseduffield/lazygit/pkg/gui/diffing.go:106.29,108.3 1 0
github.com/jesseduffield/lazygit/pkg/gui/diffing.go:113.29,118.27 2 0
github.com/jesseduffield/lazygit/pkg/gui/diffing.go:118.27,122.6 2 0
github.com/jesseduffield/lazygit/pkg/gui/diffing.go:130.26,131.77 1 0
github.com/jesseduffield/lazygit/pkg/gui/diffing.go:131.77,134.6 2 0
github.com/jesseduffield/lazygit/pkg/gui/diffing.go:139.38,143.27 1 0
github.com/jesseduffield/lazygit/pkg/gui/diffing.go:143.27,146.6 2 0
github.com/jesseduffield/lazygit/pkg/gui/diffing.go:150.27,153.6 2 0
github.com/jesseduffield/lazygit/pkg/gui/filtering.go:3.57,4.40 1 0
github.com/jesseduffield/lazygit/pkg/gui/filtering.go:13.2,13.18 1 0
github.com/jesseduffield/lazygit/pkg/gui/filtering.go:4.40,12.3 2 0
github.com/jesseduffield/lazygit/pkg/gui/filtering.go:16.40,19.2 2 0
github.com/jesseduffield/lazygit/pkg/gui/commit_files_panel.go:8.60,10.71 2 0
github.com/jesseduffield/lazygit/pkg/gui/commit_files_panel.go:14.2,14.44 1 0
github.com/jesseduffield/lazygit/pkg/gui/commit_files_panel.go:10.71,12.3 1 0
github.com/jesseduffield/lazygit/pkg/gui/commit_files_panel.go:17.48,21.23 3 0
github.com/jesseduffield/lazygit/pkg/gui/commit_files_panel.go:25.2,39.4 5 0
github.com/jesseduffield/lazygit/pkg/gui/commit_files_panel.go:21.23,23.3 1 0
github.com/jesseduffield/lazygit/pkg/gui/commit_files_panel.go:42.77,44.17 2 0
github.com/jesseduffield/lazygit/pkg/gui/commit_files_panel.go:48.2,48.76 1 0
github.com/jesseduffield/lazygit/pkg/gui/commit_files_panel.go:52.2,52.59 1 0
github.com/jesseduffield/lazygit/pkg/gui/commit_files_panel.go:44.17,46.3 1 0
github.com/jesseduffield/lazygit/pkg/gui/commit_files_panel.go:48.76,50.3 1 0
github.com/jesseduffield/lazygit/pkg/gui/commit_files_panel.go:55.79,56.58 1 0
github.com/jesseduffield/lazygit/pkg/gui/commit_files_panel.go:60.2,65.31 2 0
github.com/jesseduffield/lazygit/pkg/gui/commit_files_panel.go:56.58,58.3 1 0
github.com/jesseduffield/lazygit/pkg/gui/commit_files_panel.go:65.31,66.69 1 0
github.com/jesseduffield/lazygit/pkg/gui/commit_files_panel.go:66.69,67.135 1 0
github.com/jesseduffield/lazygit/pkg/gui/commit_files_panel.go:73.5,73.65 1 0
github.com/jesseduffield/lazygit/pkg/gui/commit_files_panel.go:67.135,68.69 1 0
github.com/jesseduffield/lazygit/pkg/gui/commit_files_panel.go:68.69,70.7 1 0
github.com/jesseduffield/lazygit/pkg/gui/commit_files_panel.go:79.48,80.64 1 0
github.com/jesseduffield/lazygit/pkg/gui/commit_files_panel.go:84.2,88.16 4 0
github.com/jesseduffield/lazygit/pkg/gui/commit_files_panel.go:91.2,93.64 2 0
github.com/jesseduffield/lazygit/pkg/gui/commit_files_panel.go:80.64,82.3 1 0
github.com/jesseduffield/lazygit/pkg/gui/commit_files_panel.go:88.16,90.3 1 0
github.com/jesseduffield/lazygit/pkg/gui/commit_files_panel.go:96.76,98.17 2 0
github.com/jesseduffield/lazygit/pkg/gui/commit_files_panel.go:102.2,102.32 1 0
github.com/jesseduffield/lazygit/pkg/gui/commit_files_panel.go:98.17,100.3 1 0
github.com/jesseduffield/lazygit/pkg/gui/commit_files_panel.go:105.73,107.17 2 0
github.com/jesseduffield/lazygit/pkg/gui/commit_files_panel.go:111.2,111.32 1 0
github.com/jesseduffield/lazygit/pkg/gui/commit_files_panel.go:107.17,109.3 1 0
github.com/jesseduffield/lazygit/pkg/gui/commit_files_panel.go:114.77,116.23 2 0
github.com/jesseduffield/lazygit/pkg/gui/commit_files_panel.go:120.2,120.32 1 0
github.com/jesseduffield/lazygit/pkg/gui/commit_files_panel.go:138.2,138.97 1 0
github.com/jesseduffield/lazygit/pkg/gui/commit_files_panel.go:149.2,149.24 1 0
github.com/jesseduffield/lazygit/pkg/gui/commit_files_panel.go:116.23,118.3 1 0
github.com/jesseduffield/lazygit/pkg/gui/commit_files_panel.go:120.32,121.44 1 0
github.com/jesseduffield/lazygit/pkg/gui/commit_files_panel.go:127.3,127.86 1 0
github.com/jesseduffield/lazygit/pkg/gui/commit_files_panel.go:131.3,131.44 1 0
github.com/jesseduffield/lazygit/pkg/gui/commit_files_panel.go:135.3,135.38 1 0
github.com/jesseduffield/lazygit/pkg/gui/commit_files_panel.go:121.44,122.50 1 0
github.com/jesseduffield/lazygit/pkg/gui/commit_files_panel.go:122.50,124.5 1 0
github.com/jesseduffield/lazygit/pkg/gui/commit_files_panel.go:127.86,129.4 1 0
github.com/jesseduffield/lazygit/pkg/gui/commit_files_panel.go:131.44,133.4 1 0
github.com/jesseduffield/lazygit/pkg/gui/commit_files_panel.go:138.97,142.32 1 0
github.com/jesseduffield/lazygit/pkg/gui/commit_files_panel.go:142.32,145.5 2 0
github.com/jesseduffield/lazygit/pkg/gui/commit_files_panel.go:152.43,160.2 5 0
github.com/jesseduffield/lazygit/pkg/gui/commit_files_panel.go:162.74,164.2 1 0
github.com/jesseduffield/lazygit/pkg/gui/commit_files_panel.go:166.60,168.23 2 0
github.com/jesseduffield/lazygit/pkg/gui/commit_files_panel.go:172.2,172.50 1 0
github.com/jesseduffield/lazygit/pkg/gui/commit_files_panel.go:185.2,185.97 1 0
github.com/jesseduffield/lazygit/pkg/gui/commit_files_panel.go:200.2,200.38 1 0
github.com/jesseduffield/lazygit/pkg/gui/commit_files_panel.go:168.23,170.3 1 0
github.com/jesseduffield/lazygit/pkg/gui/commit_files_panel.go:172.50,173.44 1 0
github.com/jesseduffield/lazygit/pkg/gui/commit_files_panel.go:179.3,179.79 1 0
github.com/jesseduffield/lazygit/pkg/gui/commit_files_panel.go:182.3,182.62 1 0
github.com/jesseduffield/lazygit/pkg/gui/commit_files_panel.go:173.44,174.50 1 0
github.com/jesseduffield/lazygit/pkg/gui/commit_files_panel.go:174.50,176.5 1 0
github.com/jesseduffield/lazygit/pkg/gui/commit_files_panel.go:179.79,181.4 1 0
github.com/jesseduffield/lazygit/pkg/gui/commit_files_panel.go:185.97,190.32 1 0
github.com/jesseduffield/lazygit/pkg/gui/commit_files_panel.go:190.32,193.5 2 0
github.com/jesseduffield/lazygit/pkg/gui/commit_files_panel.go:194.30,196.5 1 0
github.com/jesseduffield/lazygit/pkg/gui/commit_files_panel.go:203.118,214.53 7 0
github.com/jesseduffield/lazygit/pkg/gui/commit_files_panel.go:218.2,218.60 1 0
github.com/jesseduffield/lazygit/pkg/gui/commit_files_panel.go:214.53,216.3 1 0
github.com/jesseduffield/lazygit/pkg/gui/gui.go:66.42,73.2 1 0
github.com/jesseduffield/lazygit/pkg/gui/gui.go:75.45,82.2 1 0
github.com/jesseduffield/lazygit/pkg/gui/gui.go:126.56,128.2 1 0
github.com/jesseduffield/lazygit/pkg/gui/gui.go:130.51,132.2 1 0
github.com/jesseduffield/lazygit/pkg/gui/gui.go:258.33,260.2 1 0
github.com/jesseduffield/lazygit/pkg/gui/gui.go:266.35,268.2 1 0
github.com/jesseduffield/lazygit/pkg/gui/gui.go:277.39,279.2 1 0
github.com/jesseduffield/lazygit/pkg/gui/gui.go:344.30,355.22 5 0
github.com/jesseduffield/lazygit/pkg/gui/gui.go:362.2,400.3 2 0
github.com/jesseduffield/lazygit/pkg/gui/gui.go:355.22,360.3 4 0
github.com/jesseduffield/lazygit/pkg/gui/gui.go:405.233,429.2 8 0
github.com/jesseduffield/lazygit/pkg/gui/gui.go:432.29,438.16 4 0
github.com/jesseduffield/lazygit/pkg/gui/gui.go:441.2,443.18 2 0
github.com/jesseduffield/lazygit/pkg/gui/gui.go:447.2,447.40 1 0
github.com/jesseduffield/lazygit/pkg/gui/gui.go:453.2,461.32 7 0
github.com/jesseduffield/lazygit/pkg/gui/gui.go:465.2,467.45 2 0
github.com/jesseduffield/lazygit/pkg/gui/gui.go:471.2,471.54 1 0
github.com/jesseduffield/lazygit/pkg/gui/gui.go:480.2,481.46 2 0
github.com/jesseduffield/lazygit/pkg/gui/gui.go:485.2,492.12 5 0
github.com/jesseduffield/lazygit/pkg/gui/gui.go:438.16,440.3 1 0
github.com/jesseduffield/lazygit/pkg/gui/gui.go:443.18,445.3 1 0
github.com/jesseduffield/lazygit/pkg/gui/gui.go:447.40,449.3 1 0
github.com/jesseduffield/lazygit/pkg/gui/gui.go:449.8,451.3 1 0
github.com/jesseduffield/lazygit/pkg/gui/gui.go:461.32,463.3 1 0
github.com/jesseduffield/lazygit/pkg/gui/gui.go:467.45,469.3 1 0
github.com/jesseduffield/lazygit/pkg/gui/gui.go:471.54,474.47 3 0
github.com/jesseduffield/lazygit/pkg/gui/gui.go:477.3,477.36 1 0
github.com/jesseduffield/lazygit/pkg/gui/gui.go:474.47,476.4 1 0
github.com/jesseduffield/lazygit/pkg/gui/gui.go:481.46,483.3 1 0
github.com/jesseduffield/lazygit/pkg/gui/gui.go:498.45,502.6 3 0
github.com/jesseduffield/lazygit/pkg/gui/gui.go:502.6,504.35 2 0
github.com/jesseduffield/lazygit/pkg/gui/gui.go:504.35,505.53 1 0
github.com/jesseduffield/lazygit/pkg/gui/gui.go:508.4,510.33 2 0
github.com/jesseduffield/lazygit/pkg/gui/gui.go:514.4,516.15 2 0
github.com/jesseduffield/lazygit/pkg/gui/gui.go:505.53,507.5 1 0
github.com/jesseduffield/lazygit/pkg/gui/gui.go:510.33,512.5 1 0
github.com/jesseduffield/lazygit/pkg/gui/gui.go:517.23,518.37 1 0
github.com/jesseduffield/lazygit/pkg/gui/gui.go:524.5,524.52 1 0
github.com/jesseduffield/lazygit/pkg/gui/gui.go:528.5,528.15 1 0
github.com/jesseduffield/lazygit/pkg/gui/gui.go:529.57,530.13 1 0
github.com/jesseduffield/lazygit/pkg/gui/gui.go:531.34,533.44 1 0
github.com/jesseduffield/lazygit/pkg/gui/gui.go:536.12,537.15 1 0
github.com/jesseduffield/lazygit/pkg/gui/gui.go:518.37,519.57 1 0
github.com/jesseduffield/lazygit/pkg/gui/gui.go:519.57,521.7 1 0
github.com/jesseduffield/lazygit/pkg/gui/gui.go:524.52,526.6 1 0
github.com/jesseduffield/lazygit/pkg/gui/gui.go:533.44,535.6 1 0
github.com/jesseduffield/lazygit/pkg/gui/gui.go:543.36,550.45 5 0
github.com/jesseduffield/lazygit/pkg/gui/gui.go:556.2,564.12 7 0
github.com/jesseduffield/lazygit/pkg/gui/gui.go:550.45,554.3 1 0
github.com/jesseduffield/lazygit/pkg/gui/gui.go:567.37,569.51 2 0
github.com/jesseduffield/lazygit/pkg/gui/gui.go:572.2,574.75 2 0
github.com/jesseduffield/lazygit/pkg/gui/gui.go:578.2,578.12 1 0
github.com/jesseduffield/lazygit/pkg/gui/gui.go:569.51,571.3 1 0
github.com/jesseduffield/lazygit/pkg/gui/gui.go:574.75,576.3 1 0
github.com/jesseduffield/lazygit/pkg/gui/gui.go:581.70,585.23 3 0
github.com/jesseduffield/lazygit/pkg/gui/gui.go:585.23,586.30 1 0
github.com/jesseduffield/lazygit/pkg/gui/gui.go:586.30,588.25 2 0
github.com/jesseduffield/lazygit/pkg/gui/gui.go:594.4,595.27 2 0
github.com/jesseduffield/lazygit/pkg/gui/gui.go:588.25,589.38 1 0
github.com/jesseduffield/lazygit/pkg/gui/gui.go:589.38,591.6 1 0
github.com/jesseduffield/lazygit/pkg/gui/gui.go:600.65,601.28 1 0
github.com/jesseduffield/lazygit/pkg/gui/gui.go:607.2,612.4 1 0
github.com/jesseduffield/lazygit/pkg/gui/gui.go:601.28,605.3 3 0
github.com/jesseduffield/lazygit/pkg/gui/gui.go:615.92,616.23 1 0
github.com/jesseduffield/lazygit/pkg/gui/gui.go:616.23,619.7 3 0
github.com/jesseduffield/lazygit/pkg/gui/gui.go:619.7,620.11 1 0
github.com/jesseduffield/lazygit/pkg/gui/gui.go:621.20,622.19 1 0
github.com/jesseduffield/lazygit/pkg/gui/gui.go:623.16,624.11 1 0
github.com/jesseduffield/lazygit/pkg/gui/gui.go:630.40,633.12 3 0
github.com/jesseduffield/lazygit/pkg/gui/gui.go:636.2,637.77 2 0
github.com/jesseduffield/lazygit/pkg/gui/gui.go:633.12,635.3 1 0
github.com/jesseduffield/lazygit/pkg/gui/gui.go:637.77,642.3 1 0
github.com/jesseduffield/lazygit/pkg/gui/gui.go:642.8,643.58 1 0
github.com/jesseduffield/lazygit/pkg/gui/gui.go:643.58,646.4 2 0
github.com/jesseduffield/lazygit/pkg/gui/gui.go:651.40,659.2 5 0
github.com/jesseduffield/lazygit/pkg/gui/cherry_picking.go:7.70,10.39 2 0
github.com/jesseduffield/lazygit/pkg/gui/cherry_picking.go:18.2,18.12 1 0
github.com/jesseduffield/lazygit/pkg/gui/cherry_picking.go:10.39,16.3 3 0
github.com/jesseduffield/lazygit/pkg/gui/cherry_picking.go:21.42,22.65 1 0
github.com/jesseduffield/lazygit/pkg/gui/cherry_picking.go:27.2,28.20 2 0
github.com/jesseduffield/lazygit/pkg/gui/cherry_picking.go:32.2,32.67 1 0
github.com/jesseduffield/lazygit/pkg/gui/cherry_picking.go:36.2,37.9 2 0
github.com/jesseduffield/lazygit/pkg/gui/cherry_picking.go:40.2,41.9 2 0
github.com/jesseduffield/lazygit/pkg/gui/cherry_picking.go:46.2,46.91 1 0
github.com/jesseduffield/lazygit/pkg/gui/cherry_picking.go:53.2,54.31 2 0
github.com/jesseduffield/lazygit/pkg/gui/cherry_picking.go:22.65,24.3 1 0
github.com/jesseduffield/lazygit/pkg/gui/cherry_picking.go:28.20,30.3 1 0
github.com/jesseduffield/lazygit/pkg/gui/cherry_picking.go:32.67,34.3 1 0
github.com/jesseduffield/lazygit/pkg/gui/cherry_picking.go:37.9,39.3 1 0
github.com/jesseduffield/lazygit/pkg/gui/cherry_picking.go:41.9,43.3 1 0
github.com/jesseduffield/lazygit/pkg/gui/cherry_picking.go:46.91,47.43 1 0
github.com/jesseduffield/lazygit/pkg/gui/cherry_picking.go:47.43,50.4 2 0
github.com/jesseduffield/lazygit/pkg/gui/cherry_picking.go:57.60,59.75 2 0
github.com/jesseduffield/lazygit/pkg/gui/cherry_picking.go:62.2,62.21 1 0
github.com/jesseduffield/lazygit/pkg/gui/cherry_picking.go:59.75,61.3 1 0
github.com/jesseduffield/lazygit/pkg/gui/cherry_picking.go:65.58,67.20 2 0
github.com/jesseduffield/lazygit/pkg/gui/cherry_picking.go:72.2,72.26 1 0
github.com/jesseduffield/lazygit/pkg/gui/cherry_picking.go:67.20,69.3 1 0
github.com/jesseduffield/lazygit/pkg/gui/cherry_picking.go:73.34,74.27 1 0
github.com/jesseduffield/lazygit/pkg/gui/cherry_picking.go:75.34,76.41 1 0
github.com/jesseduffield/lazygit/pkg/gui/cherry_picking.go:77.31,78.30 1 0
github.com/jesseduffield/lazygit/pkg/gui/cherry_picking.go:79.10,81.13 2 0
github.com/jesseduffield/lazygit/pkg/gui/cherry_picking.go:85.59,91.37 5 0
github.com/jesseduffield/lazygit/pkg/gui/cherry_picking.go:98.2,98.64 1 0
github.com/jesseduffield/lazygit/pkg/gui/cherry_picking.go:91.37,92.31 1 0
github.com/jesseduffield/lazygit/pkg/gui/cherry_picking.go:92.31,95.4 1 0
github.com/jesseduffield/lazygit/pkg/gui/cherry_picking.go:101.47,102.65 1 0
github.com/jesseduffield/lazygit/pkg/gui/cherry_picking.go:107.2,108.20 2 0
github.com/jesseduffield/lazygit/pkg/gui/cherry_picking.go:112.2,112.67 1 0
github.com/jesseduffield/lazygit/pkg/gui/cherry_picking.go:116.2,120.42 4 0
github.com/jesseduffield/lazygit/pkg/gui/cherry_picking.go:126.2,127.60 2 0
github.com/jesseduffield/lazygit/pkg/gui/cherry_picking.go:133.2,133.61 1 0
github.com/jesseduffield/lazygit/pkg/gui/cherry_picking.go:137.2,137.31 1 0
github.com/jesseduffield/lazygit/pkg/gui/cherry_picking.go:102.65,104.3 1 0
github.com/jesseduffield/lazygit/pkg/gui/cherry_picking.go:108.20,110.3 1 0
github.com/jesseduffield/lazygit/pkg/gui/cherry_picking.go:112.67,114.3 1 0
github.com/jesseduffield/lazygit/pkg/gui/cherry_picking.go:120.42,122.3 1 0
github.com/jesseduffield/lazygit/pkg/gui/cherry_picking.go:127.60,128.31 1 0
github.com/jesseduffield/lazygit/pkg/gui/cherry_picking.go:128.31,130.4 1 0
github.com/jesseduffield/lazygit/pkg/gui/cherry_picking.go:133.61,135.3 1 0
github.com/jesseduffield/lazygit/pkg/gui/cherry_picking.go:141.44,142.65 1 0
github.com/jesseduffield/lazygit/pkg/gui/cherry_picking.go:146.2,149.31 1 0
github.com/jesseduffield/lazygit/pkg/gui/cherry_picking.go:142.65,144.3 1 0
github.com/jesseduffield/lazygit/pkg/gui/cherry_picking.go:149.31,150.74 1 0
github.com/jesseduffield/lazygit/pkg/gui/cherry_picking.go:150.74,153.5 2 0
github.com/jesseduffield/lazygit/pkg/gui/cherry_picking.go:158.47,164.22 4 0
github.com/jesseduffield/lazygit/pkg/gui/cherry_picking.go:169.2,169.53 1 0
github.com/jesseduffield/lazygit/pkg/gui/cherry_picking.go:164.22,167.3 2 0
github.com/jesseduffield/lazygit/pkg/gui/cherry_picking.go:172.71,173.22 1 0
github.com/jesseduffield/lazygit/pkg/gui/cherry_picking.go:177.2,182.16 4 0
github.com/jesseduffield/lazygit/pkg/gui/cherry_picking.go:187.2,187.32 1 0
github.com/jesseduffield/lazygit/pkg/gui/cherry_picking.go:193.2,193.12 1 0
github.com/jesseduffield/lazygit/pkg/gui/cherry_picking.go:173.22,175.3 1 0
github.com/jesseduffield/lazygit/pkg/gui/cherry_picking.go:182.16,185.3 2 0
github.com/jesseduffield/lazygit/pkg/gui/cherry_picking.go:187.32,188.48 1 0
github.com/jesseduffield/lazygit/pkg/gui/cherry_picking.go:188.48,190.4 1 0
github.com/jesseduffield/lazygit/pkg/gui/credentials_panel.go:13.68,15.40 2 0
github.com/jesseduffield/lazygit/pkg/gui/credentials_panel.go:38.2,39.25 2 0
github.com/jesseduffield/lazygit/pkg/gui/credentials_panel.go:15.40,17.22 2 0
github.com/jesseduffield/lazygit/pkg/gui/credentials_panel.go:29.3,29.77 1 0
github.com/jesseduffield/lazygit/pkg/gui/credentials_panel.go:33.3,34.13 2 0
github.com/jesseduffield/lazygit/pkg/gui/credentials_panel.go:18.19,20.28 2 0
github.com/jesseduffield/lazygit/pkg/gui/credentials_panel.go:21.19,23.30 2 0
github.com/jesseduffield/lazygit/pkg/gui/credentials_panel.go:24.11,26.30 2 0
github.com/jesseduffield/lazygit/pkg/gui/credentials_panel.go:29.77,31.4 1 0
github.com/jesseduffield/lazygit/pkg/gui/credentials_panel.go:42.75,46.48 4 0
github.com/jesseduffield/lazygit/pkg/gui/credentials_panel.go:50.2,50.48 1 0
github.com/jesseduffield/lazygit/pkg/gui/credentials_panel.go:46.48,48.3 1 0
github.com/jesseduffield/lazygit/pkg/gui/credentials_panel.go:53.79,56.2 2 0
github.com/jesseduffield/lazygit/pkg/gui/credentials_panel.go:58.54,71.2 4 0
github.com/jesseduffield/lazygit/pkg/gui/credentials_panel.go:74.54,75.19 1 0
github.com/jesseduffield/lazygit/pkg/gui/credentials_panel.go:75.19,77.79 2 0
github.com/jesseduffield/lazygit/pkg/gui/credentials_panel.go:81.3,81.39 1 0
github.com/jesseduffield/lazygit/pkg/gui/credentials_panel.go:77.79,79.4 1 0
github.com/jesseduffield/lazygit/pkg/gui/credentials_panel.go:82.8,84.3 1 0
github.com/jesseduffield/lazygit/pkg/gui/reflog_panel.go:10.58,13.50 3 0
github.com/jesseduffield/lazygit/pkg/gui/reflog_panel.go:17.2,17.35 1 0
github.com/jesseduffield/lazygit/pkg/gui/reflog_panel.go:13.50,15.3 1 0
github.com/jesseduffield/lazygit/pkg/gui/reflog_panel.go:20.50,23.19 3 0
github.com/jesseduffield/lazygit/pkg/gui/reflog_panel.go:33.2,38.4 1 0
github.com/jesseduffield/lazygit/pkg/gui/reflog_panel.go:23.19,25.3 1 0
github.com/jesseduffield/lazygit/pkg/gui/reflog_panel.go:25.8,31.3 2 0
github.com/jesseduffield/lazygit/pkg/gui/reflog_panel.go:48.46,53.34 3 0
github.com/jesseduffield/lazygit/pkg/gui/reflog_panel.go:57.2,57.75 1 0
github.com/jesseduffield/lazygit/pkg/gui/reflog_panel.go:71.2,71.58 1 0
github.com/jesseduffield/lazygit/pkg/gui/reflog_panel.go:75.2,75.40 1 0
github.com/jesseduffield/lazygit/pkg/gui/reflog_panel.go:83.2,83.66 1 0
github.com/jesseduffield/lazygit/pkg/gui/reflog_panel.go:53.34,55.3 1 0
github.com/jesseduffield/lazygit/pkg/gui/reflog_panel.go:57.75,59.17 2 0
github.com/jesseduffield/lazygit/pkg/gui/reflog_panel.go:63.3,63.35 1 0
github.com/jesseduffield/lazygit/pkg/gui/reflog_panel.go:68.3,68.13 1 0
github.com/jesseduffield/lazygit/pkg/gui/reflog_panel.go:59.17,61.4 1 0
github.com/jesseduffield/lazygit/pkg/gui/reflog_panel.go:63.35,65.4 1 0
github.com/jesseduffield/lazygit/pkg/gui/reflog_panel.go:65.9,67.4 1 0
github.com/jesseduffield/lazygit/pkg/gui/reflog_panel.go:71.58,73.3 1 0
github.com/jesseduffield/lazygit/pkg/gui/reflog_panel.go:75.40,76.91 1 0
github.com/jesseduffield/lazygit/pkg/gui/reflog_panel.go:76.91,78.4 1 0
github.com/jesseduffield/lazygit/pkg/gui/reflog_panel.go:79.8,81.3 1 0
github.com/jesseduffield/lazygit/pkg/gui/reflog_panel.go:86.79,88.19 2 0
github.com/jesseduffield/lazygit/pkg/gui/reflog_panel.go:92.2,95.31 1 0
github.com/jesseduffield/lazygit/pkg/gui/reflog_panel.go:99.2,99.16 1 0
github.com/jesseduffield/lazygit/pkg/gui/reflog_panel.go:103.2,105.12 2 0
github.com/jesseduffield/lazygit/pkg/gui/reflog_panel.go:88.19,90.3 1 0
github.com/jesseduffield/lazygit/pkg/gui/reflog_panel.go:95.31,97.4 1 0
github.com/jesseduffield/lazygit/pkg/gui/reflog_panel.go:99.16,101.3 1 0
github.com/jesseduffield/lazygit/pkg/gui/reflog_panel.go:108.80,112.2 2 0
github.com/jesseduffield/lazygit/pkg/gui/reflog_panel.go:114.53,116.19 2 0
github.com/jesseduffield/lazygit/pkg/gui/reflog_panel.go:120.2,120.105 1 0
github.com/jesseduffield/lazygit/pkg/gui/reflog_panel.go:116.19,118.3 1 0
github.com/jesseduffield/lazygit/pkg/gui/remotes_panel.go:15.52,17.55 2 0
github.com/jesseduffield/lazygit/pkg/gui/remotes_panel.go:21.2,21.40 1 0
github.com/jesseduffield/lazygit/pkg/gui/remotes_panel.go:17.55,19.3 1 0
github.com/jesseduffield/lazygit/pkg/gui/remotes_panel.go:24.44,27.19 3 0
github.com/jesseduffield/lazygit/pkg/gui/remotes_panel.go:33.2,38.4 1 0
github.com/jesseduffield/lazygit/pkg/gui/remotes_panel.go:27.19,29.3 1 0
github.com/jesseduffield/lazygit/pkg/gui/remotes_panel.go:29.8,31.3 1 0
github.com/jesseduffield/lazygit/pkg/gui/remotes_panel.go:41.40,45.16 3 0
github.com/jesseduffield/lazygit/pkg/gui/remotes_panel.go:49.2,52.66 2 0
github.com/jesseduffield/lazygit/pkg/gui/remotes_panel.go:61.2,62.25 2 0
github.com/jesseduffield/lazygit/pkg/gui/remotes_panel.go:66.2,66.12 1 0
github.com/jesseduffield/lazygit/pkg/gui/remotes_panel.go:45.16,47.3 1 0
github.com/jesseduffield/lazygit/pkg/gui/remotes_panel.go:52.66,54.34 1 0
github.com/jesseduffield/lazygit/pkg/gui/remotes_panel.go:54.34,55.46 1 0
github.com/jesseduffield/lazygit/pkg/gui/remotes_panel.go:55.46,57.5 1 0
github.com/jesseduffield/lazygit/pkg/gui/remotes_panel.go:62.25,64.3 1 0
github.com/jesseduffield/lazygit/pkg/gui/remotes_panel.go:69.43,72.19 2 0
github.com/jesseduffield/lazygit/pkg/gui/remotes_panel.go:76.2,79.31 3 0
github.com/jesseduffield/lazygit/pkg/gui/remotes_panel.go:82.2,84.65 2 0
github.com/jesseduffield/lazygit/pkg/gui/remotes_panel.go:72.19,74.3 1 0
github.com/jesseduffield/lazygit/pkg/gui/remotes_panel.go:79.31,81.3 1 0
github.com/jesseduffield/lazygit/pkg/gui/remotes_panel.go:87.68,88.78 1 0
github.com/jesseduffield/lazygit/pkg/gui/remotes_panel.go:88.78,89.77 1 0
github.com/jesseduffield/lazygit/pkg/gui/remotes_panel.go:89.77,90.74 1 0
github.com/jesseduffield/lazygit/pkg/gui/remotes_panel.go:93.4,93.71 1 0
github.com/jesseduffield/lazygit/pkg/gui/remotes_panel.go:90.74,92.5 1 0
github.com/jesseduffield/lazygit/pkg/gui/remotes_panel.go:98.71,100.19 2 0
github.com/jesseduffield/lazygit/pkg/gui/remotes_panel.go:104.2,107.31 1 0
github.com/jesseduffield/lazygit/pkg/gui/remotes_panel.go:100.19,102.3 1 0
github.com/jesseduffield/lazygit/pkg/gui/remotes_panel.go:107.31,108.67 1 0
github.com/jesseduffield/lazygit/pkg/gui/remotes_panel.go:112.4,112.81 1 0
github.com/jesseduffield/lazygit/pkg/gui/remotes_panel.go:108.67,110.5 1 0
github.com/jesseduffield/lazygit/pkg/gui/remotes_panel.go:117.69,119.19 2 0
github.com/jesseduffield/lazygit/pkg/gui/remotes_panel.go:123.2,130.87 2 0
github.com/jesseduffield/lazygit/pkg/gui/remotes_panel.go:119.19,121.3 1 0
github.com/jesseduffield/lazygit/pkg/gui/remotes_panel.go:130.87,131.39 1 0
github.com/jesseduffield/lazygit/pkg/gui/remotes_panel.go:137.3,146.20 4 0
github.com/jesseduffield/lazygit/pkg/gui/remotes_panel.go:150.3,150.78 1 0
github.com/jesseduffield/lazygit/pkg/gui/remotes_panel.go:131.39,132.86 1 0
github.com/jesseduffield/lazygit/pkg/gui/remotes_panel.go:132.86,134.5 1 0
github.com/jesseduffield/lazygit/pkg/gui/remotes_panel.go:146.20,148.4 1 0
github.com/jesseduffield/lazygit/pkg/gui/remotes_panel.go:150.78,151.94 1 0
github.com/jesseduffield/lazygit/pkg/gui/remotes_panel.go:154.4,154.81 1 0
github.com/jesseduffield/lazygit/pkg/gui/remotes_panel.go:151.94,153.5 1 0
github.com/jesseduffield/lazygit/pkg/gui/remotes_panel.go:159.70,161.19 2 0
github.com/jesseduffield/lazygit/pkg/gui/remotes_panel.go:165.2,165.73 1 0
github.com/jesseduffield/lazygit/pkg/gui/remotes_panel.go:161.19,163.3 1 0
github.com/jesseduffield/lazygit/pkg/gui/remotes_panel.go:165.73,173.3 5 0
github.com/jesseduffield/lazygit/pkg/gui/sub_commits_panel.go:11.55,14.45 3 0
github.com/jesseduffield/lazygit/pkg/gui/sub_commits_panel.go:18.2,18.30 1 0
github.com/jesseduffield/lazygit/pkg/gui/sub_commits_panel.go:14.45,16.3 1 0
github.com/jesseduffield/lazygit/pkg/gui/sub_commits_panel.go:21.47,24.19 3 0
github.com/jesseduffield/lazygit/pkg/gui/sub_commits_panel.go:34.2,39.4 1 0
github.com/jesseduffield/lazygit/pkg/gui/sub_commits_panel.go:24.19,26.3 1 0
github.com/jesseduffield/lazygit/pkg/gui/sub_commits_panel.go:26.8,32.3 2 0
github.com/jesseduffield/lazygit/pkg/gui/sub_commits_panel.go:42.76,44.19 2 0
github.com/jesseduffield/lazygit/pkg/gui/sub_commits_panel.go:48.2,51.31 1 0
github.com/jesseduffield/lazygit/pkg/gui/sub_commits_panel.go:55.2,55.16 1 0
github.com/jesseduffield/lazygit/pkg/gui/sub_commits_panel.go:59.2,61.12 2 0
github.com/jesseduffield/lazygit/pkg/gui/sub_commits_panel.go:44.19,46.3 1 0
github.com/jesseduffield/lazygit/pkg/gui/sub_commits_panel.go:51.31,53.4 1 0
github.com/jesseduffield/lazygit/pkg/gui/sub_commits_panel.go:55.16,57.3 1 0
github.com/jesseduffield/lazygit/pkg/gui/sub_commits_panel.go:64.56,68.2 2 0
github.com/jesseduffield/lazygit/pkg/gui/sub_commits_panel.go:70.50,72.19 2 0
github.com/jesseduffield/lazygit/pkg/gui/sub_commits_panel.go:76.2,76.103 1 0
github.com/jesseduffield/lazygit/pkg/gui/sub_commits_panel.go:72.19,74.3 1 0
github.com/jesseduffield/lazygit/pkg/gui/sub_commits_panel.go:79.65,91.16 3 0
github.com/jesseduffield/lazygit/pkg/gui/sub_commits_panel.go:95.2,100.59 5 0
github.com/jesseduffield/lazygit/pkg/gui/sub_commits_panel.go:91.16,93.3 1 0
github.com/jesseduffield/lazygit/pkg/gui/sub_commits_panel.go:103.50,105.27 2 0
github.com/jesseduffield/lazygit/pkg/gui/sub_commits_panel.go:109.2,109.74 1 0
github.com/jesseduffield/lazygit/pkg/gui/sub_commits_panel.go:105.27,107.3 1 0
github.com/jesseduffield/lazygit/pkg/gui/branches_panel.go:15.52,16.34 1 0
github.com/jesseduffield/lazygit/pkg/gui/branches_panel.go:20.2,21.24 2 0
github.com/jesseduffield/lazygit/pkg/gui/branches_panel.go:25.2,25.41 1 0
github.com/jesseduffield/lazygit/pkg/gui/branches_panel.go:16.34,18.3 1 0
github.com/jesseduffield/lazygit/pkg/gui/branches_panel.go:21.24,23.3 1 0
github.com/jesseduffield/lazygit/pkg/gui/branches_panel.go:28.44,31.19 3 0
github.com/jesseduffield/lazygit/pkg/gui/branches_panel.go:41.2,46.4 1 0
github.com/jesseduffield/lazygit/pkg/gui/branches_panel.go:31.19,33.3 1 0
github.com/jesseduffield/lazygit/pkg/gui/branches_panel.go:33.8,39.3 2 0
github.com/jesseduffield/lazygit/pkg/gui/branches_panel.go:51.35,53.40 2 0
github.com/jesseduffield/lazygit/pkg/gui/branches_panel.go:65.2,66.16 2 0
github.com/jesseduffield/lazygit/pkg/gui/branches_panel.go:69.2,71.77 2 0
github.com/jesseduffield/lazygit/pkg/gui/branches_panel.go:75.2,75.21 1 0
github.com/jesseduffield/lazygit/pkg/gui/branches_panel.go:53.40,60.17 3 0
github.com/jesseduffield/lazygit/pkg/gui/branches_panel.go:60.17,62.4 1 0
github.com/jesseduffield/lazygit/pkg/gui/branches_panel.go:66.16,68.3 1 0
github.com/jesseduffield/lazygit/pkg/gui/branches_panel.go:71.77,73.3 1 0
github.com/jesseduffield/lazygit/pkg/gui/branches_panel.go:80.70,81.53 1 0
github.com/jesseduffield/lazygit/pkg/gui/branches_panel.go:84.2,84.52 1 0
github.com/jesseduffield/lazygit/pkg/gui/branches_panel.go:87.2,88.71 2 0
github.com/jesseduffield/lazygit/pkg/gui/branches_panel.go:81.53,83.3 1 0
github.com/jesseduffield/lazygit/pkg/gui/branches_panel.go:84.52,86.3 1 0
github.com/jesseduffield/lazygit/pkg/gui/branches_panel.go:91.81,95.51 3 0
github.com/jesseduffield/lazygit/pkg/gui/branches_panel.go:99.2,99.12 1 0
github.com/jesseduffield/lazygit/pkg/gui/branches_panel.go:95.51,97.3 1 0
github.com/jesseduffield/lazygit/pkg/gui/branches_panel.go:102.82,106.52 3 0
github.com/jesseduffield/lazygit/pkg/gui/branches_panel.go:110.2,112.12 2 0
github.com/jesseduffield/lazygit/pkg/gui/branches_panel.go:106.52,108.3 1 0
github.com/jesseduffield/lazygit/pkg/gui/branches_panel.go:115.67,116.64 1 0
github.com/jesseduffield/lazygit/pkg/gui/branches_panel.go:119.2,119.23 1 0
github.com/jesseduffield/lazygit/pkg/gui/branches_panel.go:124.2,124.12 1 0
github.com/jesseduffield/lazygit/pkg/gui/branches_panel.go:116.64,118.3 1 0
github.com/jesseduffield/lazygit/pkg/gui/branches_panel.go:119.23,123.3 3 0
github.com/jesseduffield/lazygit/pkg/gui/branches_panel.go:127.72,135.31 4 0
github.com/jesseduffield/lazygit/pkg/gui/branches_panel.go:135.31,136.102 1 0
github.com/jesseduffield/lazygit/pkg/gui/branches_panel.go:139.4,139.61 1 0
github.com/jesseduffield/lazygit/pkg/gui/branches_panel.go:136.102,138.5 1 0
github.com/jesseduffield/lazygit/pkg/gui/branches_panel.go:150.87,152.25 2 0
github.com/jesseduffield/lazygit/pkg/gui/branches_panel.go:156.2,158.22 2 0
github.com/jesseduffield/lazygit/pkg/gui/branches_panel.go:165.2,165.59 1 0
github.com/jesseduffield/lazygit/pkg/gui/branches_panel.go:152.25,154.3 1 0
github.com/jesseduffield/lazygit/pkg/gui/branches_panel.go:158.22,163.3 3 0
github.com/jesseduffield/lazygit/pkg/gui/branches_panel.go:165.59,166.66 1 0
github.com/jesseduffield/lazygit/pkg/gui/branches_panel.go:203.3,205.63 2 0
github.com/jesseduffield/lazygit/pkg/gui/branches_panel.go:166.66,169.111 1 0
github.com/jesseduffield/lazygit/pkg/gui/branches_panel.go:173.4,173.106 1 0
github.com/jesseduffield/lazygit/pkg/gui/branches_panel.go:199.4,199.48 1 0
github.com/jesseduffield/lazygit/pkg/gui/branches_panel.go:169.111,171.5 1 0
github.com/jesseduffield/lazygit/pkg/gui/branches_panel.go:173.106,179.34 1 0
github.com/jesseduffield/lazygit/pkg/gui/branches_panel.go:179.34,180.80 1 0
github.com/jesseduffield/lazygit/pkg/gui/branches_panel.go:183.7,183.70 1 0
github.com/jesseduffield/lazygit/pkg/gui/branches_panel.go:187.7,188.62 2 0
github.com/jesseduffield/lazygit/pkg/gui/branches_panel.go:194.7,194.67 1 0
github.com/jesseduffield/lazygit/pkg/gui/branches_panel.go:180.80,182.8 1 0
github.com/jesseduffield/lazygit/pkg/gui/branches_panel.go:183.70,185.8 1 0
github.com/jesseduffield/lazygit/pkg/gui/branches_panel.go:188.62,189.84 1 0
github.com/jesseduffield/lazygit/pkg/gui/branches_panel.go:192.8,192.36 1 0
github.com/jesseduffield/lazygit/pkg/gui/branches_panel.go:189.84,191.9 1 0
github.com/jesseduffield/lazygit/pkg/gui/branches_panel.go:199.48,201.5 1 0
github.com/jesseduffield/lazygit/pkg/gui/branches_panel.go:209.73,210.75 1 0
github.com/jesseduffield/lazygit/pkg/gui/branches_panel.go:210.75,212.42 1 0
github.com/jesseduffield/lazygit/pkg/gui/branches_panel.go:212.42,218.34 1 0
github.com/jesseduffield/lazygit/pkg/gui/branches_panel.go:218.34,220.7 1 0
github.com/jesseduffield/lazygit/pkg/gui/branches_panel.go:227.54,228.34 1 0
github.com/jesseduffield/lazygit/pkg/gui/branches_panel.go:232.2,232.30 1 0
github.com/jesseduffield/lazygit/pkg/gui/branches_panel.go:228.34,230.3 1 0
github.com/jesseduffield/lazygit/pkg/gui/branches_panel.go:235.69,237.19 2 0
github.com/jesseduffield/lazygit/pkg/gui/branches_panel.go:241.2,241.77 1 0
github.com/jesseduffield/lazygit/pkg/gui/branches_panel.go:245.2,246.59 2 0
github.com/jesseduffield/lazygit/pkg/gui/branches_panel.go:237.19,239.3 1 0
github.com/jesseduffield/lazygit/pkg/gui/branches_panel.go:241.77,243.3 1 0
github.com/jesseduffield/lazygit/pkg/gui/branches_panel.go:249.71,251.2 1 0
github.com/jesseduffield/lazygit/pkg/gui/branches_panel.go:253.48,255.27 2 0
github.com/jesseduffield/lazygit/pkg/gui/branches_panel.go:258.2,259.50 2 0
github.com/jesseduffield/lazygit/pkg/gui/branches_panel.go:262.2,262.53 1 0
github.com/jesseduffield/lazygit/pkg/gui/branches_panel.go:255.27,257.3 1 0
github.com/jesseduffield/lazygit/pkg/gui/branches_panel.go:259.50,261.3 1 0
github.com/jesseduffield/lazygit/pkg/gui/branches_panel.go:265.84,268.11 3 0
github.com/jesseduffield/lazygit/pkg/gui/branches_panel.go:273.2,284.31 2 0
github.com/jesseduffield/lazygit/pkg/gui/branches_panel.go:268.11,270.3 1 0
github.com/jesseduffield/lazygit/pkg/gui/branches_panel.go:270.8,272.3 1 0
github.com/jesseduffield/lazygit/pkg/gui/branches_panel.go:284.31,285.82 1 0
github.com/jesseduffield/lazygit/pkg/gui/branches_panel.go:292.4,292.85 1 0
github.com/jesseduffield/lazygit/pkg/gui/branches_panel.go:285.82,287.70 2 0
github.com/jesseduffield/lazygit/pkg/gui/branches_panel.go:290.5,290.44 1 0
github.com/jesseduffield/lazygit/pkg/gui/branches_panel.go:287.70,289.6 1 0
github.com/jesseduffield/lazygit/pkg/gui/branches_panel.go:297.74,298.65 1 0
github.com/jesseduffield/lazygit/pkg/gui/branches_panel.go:302.2,302.37 1 0
github.com/jesseduffield/lazygit/pkg/gui/branches_panel.go:305.2,306.40 2 0
github.com/jesseduffield/lazygit/pkg/gui/branches_panel.go:309.2,321.31 2 0
github.com/jesseduffield/lazygit/pkg/gui/branches_panel.go:298.65,300.3 1 0
github.com/jesseduffield/lazygit/pkg/gui/branches_panel.go:302.37,304.3 1 0
github.com/jesseduffield/lazygit/pkg/gui/branches_panel.go:306.40,308.3 1 0
github.com/jesseduffield/lazygit/pkg/gui/branches_panel.go:321.31,324.4 2 0
github.com/jesseduffield/lazygit/pkg/gui/branches_panel.go:328.64,329.65 1 0
github.com/jesseduffield/lazygit/pkg/gui/branches_panel.go:333.2,334.64 2 0
github.com/jesseduffield/lazygit/pkg/gui/branches_panel.go:329.65,331.3 1 0
github.com/jesseduffield/lazygit/pkg/gui/branches_panel.go:337.80,340.2 2 0
github.com/jesseduffield/lazygit/pkg/gui/branches_panel.go:342.73,343.65 1 0
github.com/jesseduffield/lazygit/pkg/gui/branches_panel.go:347.2,348.44 2 0
github.com/jesseduffield/lazygit/pkg/gui/branches_panel.go:351.2,363.31 2 0
github.com/jesseduffield/lazygit/pkg/gui/branches_panel.go:343.65,345.3 1 0
github.com/jesseduffield/lazygit/pkg/gui/branches_panel.go:348.44,350.3 1 0
github.com/jesseduffield/lazygit/pkg/gui/branches_panel.go:363.31,366.4 2 0
github.com/jesseduffield/lazygit/pkg/gui/branches_panel.go:370.70,372.19 2 0
github.com/jesseduffield/lazygit/pkg/gui/branches_panel.go:375.2,375.28 1 0
github.com/jesseduffield/lazygit/pkg/gui/branches_panel.go:378.2,378.29 1 0
github.com/jesseduffield/lazygit/pkg/gui/branches_panel.go:381.2,381.29 1 0
github.com/jesseduffield/lazygit/pkg/gui/branches_panel.go:385.2,386.16 2 0
github.com/jesseduffield/lazygit/pkg/gui/branches_panel.go:390.2,401.23 5 0
github.com/jesseduffield/lazygit/pkg/gui/branches_panel.go:412.2,412.12 1 0
github.com/jesseduffield/lazygit/pkg/gui/branches_panel.go:372.19,374.3 1 0
github.com/jesseduffield/lazygit/pkg/gui/branches_panel.go:375.28,377.3 1 0
github.com/jesseduffield/lazygit/pkg/gui/branches_panel.go:378.29,380.3 1 0
github.com/jesseduffield/lazygit/pkg/gui/branches_panel.go:381.29,383.3 1 0
github.com/jesseduffield/lazygit/pkg/gui/branches_panel.go:386.16,388.3 1 0
github.com/jesseduffield/lazygit/pkg/gui/branches_panel.go:401.23,404.53 2 0
github.com/jesseduffield/lazygit/pkg/gui/branches_panel.go:404.53,406.4 1 0
github.com/jesseduffield/lazygit/pkg/gui/branches_panel.go:406.9,410.4 3 0
github.com/jesseduffield/lazygit/pkg/gui/branches_panel.go:415.82,417.19 2 0
github.com/jesseduffield/lazygit/pkg/gui/branches_panel.go:421.2,421.41 1 0
github.com/jesseduffield/lazygit/pkg/gui/branches_panel.go:417.19,419.3 1 0
github.com/jesseduffield/lazygit/pkg/gui/branches_panel.go:424.71,426.19 2 0
github.com/jesseduffield/lazygit/pkg/gui/branches_panel.go:433.2,433.35 1 0
github.com/jesseduffield/lazygit/pkg/gui/branches_panel.go:451.2,452.23 2 0
github.com/jesseduffield/lazygit/pkg/gui/branches_panel.go:456.2,461.4 1 0
github.com/jesseduffield/lazygit/pkg/gui/branches_panel.go:426.19,428.3 1 0
github.com/jesseduffield/lazygit/pkg/gui/branches_panel.go:433.35,434.106 1 0
github.com/jesseduffield/lazygit/pkg/gui/branches_panel.go:434.106,435.82 1 0
github.com/jesseduffield/lazygit/pkg/gui/branches_panel.go:440.4,440.105 1 0
github.com/jesseduffield/lazygit/pkg/gui/branches_panel.go:444.4,444.61 1 0
github.com/jesseduffield/lazygit/pkg/gui/branches_panel.go:435.82,437.5 1 0
github.com/jesseduffield/lazygit/pkg/gui/branches_panel.go:440.105,442.5 1 0
github.com/jesseduffield/lazygit/pkg/gui/branches_panel.go:452.23,454.3 1 0
github.com/jesseduffield/lazygit/pkg/gui/branches_panel.go:464.48,465.34 1 0
github.com/jesseduffield/lazygit/pkg/gui/branches_panel.go:468.2,468.30 1 0
github.com/jesseduffield/lazygit/pkg/gui/branches_panel.go:465.34,467.3 1 0
github.com/jesseduffield/lazygit/pkg/gui/branches_panel.go:471.55,475.9 3 0
github.com/jesseduffield/lazygit/pkg/gui/branches_panel.go:479.2,487.53 3 0
github.com/jesseduffield/lazygit/pkg/gui/branches_panel.go:491.2,491.72 1 0
github.com/jesseduffield/lazygit/pkg/gui/branches_panel.go:475.9,477.3 1 0
github.com/jesseduffield/lazygit/pkg/gui/branches_panel.go:487.53,490.3 1 0
github.com/jesseduffield/lazygit/pkg/gui/branches_panel.go:491.72,492.71 1 0
github.com/jesseduffield/lazygit/pkg/gui/branches_panel.go:498.3,498.53 1 0
github.com/jesseduffield/lazygit/pkg/gui/branches_panel.go:502.3,502.65 1 0
github.com/jesseduffield/lazygit/pkg/gui/branches_panel.go:508.3,510.60 2 0
github.com/jesseduffield/lazygit/pkg/gui/branches_panel.go:492.71,494.4 1 0
github.com/jesseduffield/lazygit/pkg/gui/branches_panel.go:498.53,500.4 1 0
github.com/jesseduffield/lazygit/pkg/gui/branches_panel.go:502.65,503.75 1 0
github.com/jesseduffield/lazygit/pkg/gui/branches_panel.go:503.75,505.5 1 0
github.com/jesseduffield/lazygit/pkg/gui/context.go:96.41,119.2 1 0
github.com/jesseduffield/lazygit/pkg/gui/context.go:147.57,148.30 1 0
github.com/jesseduffield/lazygit/pkg/gui/context.go:151.2,151.12 1 0
github.com/jesseduffield/lazygit/pkg/gui/context.go:148.30,150.3 1 0
github.com/jesseduffield/lazygit/pkg/gui/context.go:154.56,155.49 1 0
github.com/jesseduffield/lazygit/pkg/gui/context.go:158.46,161.2 1 0
github.com/jesseduffield/lazygit/pkg/gui/context.go:163.49,164.52 1 0
github.com/jesseduffield/lazygit/pkg/gui/context.go:167.58,169.2 1 0
github.com/jesseduffield/lazygit/pkg/gui/context.go:171.44,172.23 1 0
github.com/jesseduffield/lazygit/pkg/gui/context.go:175.2,175.12 1 0
github.com/jesseduffield/lazygit/pkg/gui/context.go:172.23,174.3 1 0
github.com/jesseduffield/lazygit/pkg/gui/context.go:178.44,180.2 1 0
github.com/jesseduffield/lazygit/pkg/gui/context.go:182.43,184.2 1 0
github.com/jesseduffield/lazygit/pkg/gui/context.go:186.47,187.26 1 0
github.com/jesseduffield/lazygit/pkg/gui/context.go:190.2,190.12 1 0
github.com/jesseduffield/lazygit/pkg/gui/context.go:187.26,189.3 1 0
github.com/jesseduffield/lazygit/pkg/gui/context.go:193.37,195.2 1 0
github.com/jesseduffield/lazygit/pkg/gui/context.go:197.39,199.2 1 0
github.com/jesseduffield/lazygit/pkg/gui/context.go:201.43,249.27 1 0
github.com/jesseduffield/lazygit/pkg/gui/context.go:249.27,251.6 1 0
github.com/jesseduffield/lazygit/pkg/gui/context.go:259.27,263.6 1 0
github.com/jesseduffield/lazygit/pkg/gui/context.go:271.27,275.6 1 0
github.com/jesseduffield/lazygit/pkg/gui/context.go:300.28,300.42 1 0
github.com/jesseduffield/lazygit/pkg/gui/context.go:316.28,316.42 1 0
github.com/jesseduffield/lazygit/pkg/gui/context.go:325.60,340.2 1 0
github.com/jesseduffield/lazygit/pkg/gui/context.go:342.61,386.2 1 0
github.com/jesseduffield/lazygit/pkg/gui/context.go:388.58,391.23 2 0
github.com/jesseduffield/lazygit/pkg/gui/context.go:400.2,400.11 1 0
github.com/jesseduffield/lazygit/pkg/gui/context.go:391.23,395.58 4 0
github.com/jesseduffield/lazygit/pkg/gui/context.go:395.58,397.4 1 0
github.com/jesseduffield/lazygit/pkg/gui/context.go:403.48,404.38 1 0
github.com/jesseduffield/lazygit/pkg/gui/context.go:424.2,424.12 1 0
github.com/jesseduffield/lazygit/pkg/gui/context.go:404.38,407.34 1 0
github.com/jesseduffield/lazygit/pkg/gui/context.go:421.3,421.32 1 0
github.com/jesseduffield/lazygit/pkg/gui/context.go:407.34,408.56 1 0
github.com/jesseduffield/lazygit/pkg/gui/context.go:415.4,415.41 1 0
github.com/jesseduffield/lazygit/pkg/gui/context.go:408.56,409.44 1 0
github.com/jesseduffield/lazygit/pkg/gui/context.go:409.44,410.64 1 0
github.com/jesseduffield/lazygit/pkg/gui/context.go:410.64,412.7 1 0
github.com/jesseduffield/lazygit/pkg/gui/context.go:416.9,419.4 1 0
github.com/jesseduffield/lazygit/pkg/gui/context.go:430.60,432.2 1 0
github.com/jesseduffield/lazygit/pkg/gui/context.go:434.43,435.38 1 0
github.com/jesseduffield/lazygit/pkg/gui/context.go:457.2,457.12 1 0
github.com/jesseduffield/lazygit/pkg/gui/context.go:435.38,438.39 1 0
github.com/jesseduffield/lazygit/pkg/gui/context.go:443.3,450.63 5 0
github.com/jesseduffield/lazygit/pkg/gui/context.go:454.3,454.41 1 0
github.com/jesseduffield/lazygit/pkg/gui/context.go:438.39,441.4 1 0
github.com/jesseduffield/lazygit/pkg/gui/context.go:450.63,452.4 1 0
github.com/jesseduffield/lazygit/pkg/gui/context.go:460.52,462.71 1 0
github.com/jesseduffield/lazygit/pkg/gui/context.go:466.2,466.44 1 0
github.com/jesseduffield/lazygit/pkg/gui/context.go:470.2,470.12 1 0
github.com/jesseduffield/lazygit/pkg/gui/context.go:462.71,464.3 1 0
github.com/jesseduffield/lazygit/pkg/gui/context.go:466.44,468.3 1 0
github.com/jesseduffield/lazygit/pkg/gui/context.go:476.52,478.16 2 0
github.com/jesseduffield/lazygit/pkg/gui/context.go:482.2,482.29 1 0
github.com/jesseduffield/lazygit/pkg/gui/context.go:486.2,486.41 1 0
github.com/jesseduffield/lazygit/pkg/gui/context.go:490.2,490.46 1 0
github.com/jesseduffield/lazygit/pkg/gui/context.go:496.2,496.12 1 0
github.com/jesseduffield/lazygit/pkg/gui/context.go:478.16,480.3 1 0
github.com/jesseduffield/lazygit/pkg/gui/context.go:482.29,484.3 1 0
github.com/jesseduffield/lazygit/pkg/gui/context.go:486.41,488.3 1 0
github.com/jesseduffield/lazygit/pkg/gui/context.go:490.46,491.41 1 0
github.com/jesseduffield/lazygit/pkg/gui/context.go:491.41,493.4 1 0
github.com/jesseduffield/lazygit/pkg/gui/context.go:499.50,503.16 3 0
github.com/jesseduffield/lazygit/pkg/gui/context.go:506.2,511.24 3 0
github.com/jesseduffield/lazygit/pkg/gui/context.go:517.2,519.58 2 0
github.com/jesseduffield/lazygit/pkg/gui/context.go:524.2,524.56 1 0
github.com/jesseduffield/lazygit/pkg/gui/context.go:530.2,530.42 1 0
github.com/jesseduffield/lazygit/pkg/gui/context.go:536.2,542.23 4 0
github.com/jesseduffield/lazygit/pkg/gui/context.go:545.2,547.40 2 0
github.com/jesseduffield/lazygit/pkg/gui/context.go:552.2,554.12 2 0
github.com/jesseduffield/lazygit/pkg/gui/context.go:503.16,505.3 1 0
github.com/jesseduffield/lazygit/pkg/gui/context.go:511.24,513.3 1 0
github.com/jesseduffield/lazygit/pkg/gui/context.go:513.8,515.3 1 0
github.com/jesseduffield/lazygit/pkg/gui/context.go:519.58,522.3 1 0
github.com/jesseduffield/lazygit/pkg/gui/context.go:524.56,527.3 1 0
github.com/jesseduffield/lazygit/pkg/gui/context.go:530.42,531.42 1 0
github.com/jesseduffield/lazygit/pkg/gui/context.go:531.42,533.4 1 0
github.com/jesseduffield/lazygit/pkg/gui/context.go:542.23,544.3 1 0
github.com/jesseduffield/lazygit/pkg/gui/context.go:547.40,549.3 1 0
github.com/jesseduffield/lazygit/pkg/gui/context.go:566.42,567.38 1 0
github.com/jesseduffield/lazygit/pkg/gui/context.go:571.2,571.62 1 0
github.com/jesseduffield/lazygit/pkg/gui/context.go:567.38,569.3 1 0
github.com/jesseduffield/lazygit/pkg/gui/context.go:574.51,578.21 2 0
github.com/jesseduffield/lazygit/pkg/gui/context.go:583.2,583.23 1 0
github.com/jesseduffield/lazygit/pkg/gui/context.go:596.2,596.12 1 0
github.com/jesseduffield/lazygit/pkg/gui/context.go:578.21,580.3 1 0
github.com/jesseduffield/lazygit/pkg/gui/context.go:583.23,586.40 2 0
github.com/jesseduffield/lazygit/pkg/gui/context.go:586.40,589.11 2 0
github.com/jesseduffield/lazygit/pkg/gui/context.go:592.4,592.22 1 0
github.com/jesseduffield/lazygit/pkg/gui/context.go:589.11,591.5 1 0
github.com/jesseduffield/lazygit/pkg/gui/context.go:599.46,601.2 1 0
github.com/jesseduffield/lazygit/pkg/gui/context.go:603.42,606.58 1 0
github.com/jesseduffield/lazygit/pkg/gui/context.go:606.58,609.17 2 0
github.com/jesseduffield/lazygit/pkg/gui/context.go:613.3,613.34 1 0
github.com/jesseduffield/lazygit/pkg/gui/context.go:609.17,610.12 1 0
github.com/jesseduffield/lazygit/pkg/gui/context.go:618.59,620.34 2 0
github.com/jesseduffield/lazygit/pkg/gui/context.go:620.34,622.49 2 0
github.com/jesseduffield/lazygit/pkg/gui/context.go:626.3,626.67 1 0
github.com/jesseduffield/lazygit/pkg/gui/context.go:633.3,633.13 1 0
github.com/jesseduffield/lazygit/pkg/gui/context.go:622.49,624.4 1 0
github.com/jesseduffield/lazygit/pkg/gui/context.go:626.67,627.69 1 0
github.com/jesseduffield/lazygit/pkg/gui/context.go:631.4,631.26 1 0
github.com/jesseduffield/lazygit/pkg/gui/context.go:627.69,629.5 1 0
github.com/jesseduffield/lazygit/pkg/gui/context.go:637.43,642.37 4 0
github.com/jesseduffield/lazygit/pkg/gui/context.go:645.2,645.12 1 0
github.com/jesseduffield/lazygit/pkg/gui/context.go:642.37,644.3 1 0
github.com/jesseduffield/lazygit/pkg/gui/context.go:648.75,649.14 1 0
github.com/jesseduffield/lazygit/pkg/gui/context.go:653.2,653.51 1 0
github.com/jesseduffield/lazygit/pkg/gui/context.go:659.2,659.12 1 0
github.com/jesseduffield/lazygit/pkg/gui/context.go:649.14,651.3 1 0
github.com/jesseduffield/lazygit/pkg/gui/context.go:653.51,654.46 1 0
github.com/jesseduffield/lazygit/pkg/gui/context.go:654.46,656.4 1 0
github.com/jesseduffield/lazygit/pkg/gui/context.go:666.59,667.41 1 0
github.com/jesseduffield/lazygit/pkg/gui/context.go:671.2,671.20 1 0
github.com/jesseduffield/lazygit/pkg/gui/context.go:679.2,679.36 1 0
github.com/jesseduffield/lazygit/pkg/gui/context.go:667.41,669.3 1 0
github.com/jesseduffield/lazygit/pkg/gui/context.go:672.116,674.46 2 0
github.com/jesseduffield/lazygit/pkg/gui/context.go:675.10,676.65 1 0
github.com/jesseduffield/lazygit/pkg/gui/context.go:682.56,685.27 2 0
github.com/jesseduffield/lazygit/pkg/gui/context.go:689.2,690.41 2 0
github.com/jesseduffield/lazygit/pkg/gui/context.go:694.2,694.15 1 0
github.com/jesseduffield/lazygit/pkg/gui/context.go:685.27,687.3 1 0
github.com/jesseduffield/lazygit/pkg/gui/context.go:690.41,692.3 1 0
github.com/jesseduffield/lazygit/pkg/gui/context.go:697.49,700.9 2 0
github.com/jesseduffield/lazygit/pkg/gui/context.go:704.2,704.48 1 0
github.com/jesseduffield/lazygit/pkg/gui/context.go:700.9,702.3 1 0
github.com/jesseduffield/lazygit/pkg/gui/context.go:704.48,705.47 1 0
github.com/jesseduffield/lazygit/pkg/gui/context.go:705.47,706.38 1 0
github.com/jesseduffield/lazygit/pkg/gui/context.go:706.38,709.19 2 0
github.com/jesseduffield/lazygit/pkg/gui/context.go:713.5,714.11 2 0
github.com/jesseduffield/lazygit/pkg/gui/context.go:709.19,712.6 2 0
github.com/jesseduffield/lazygit/pkg/gui/context.go:725.69,728.9 2 0
github.com/jesseduffield/lazygit/pkg/gui/context.go:732.2,732.16 1 0
github.com/jesseduffield/lazygit/pkg/gui/context.go:728.9,729.65 1 0
github.com/jesseduffield/lazygit/pkg/gui/context.go:735.73,736.44 1 0
github.com/jesseduffield/lazygit/pkg/gui/context.go:742.2,742.19 1 0
github.com/jesseduffield/lazygit/pkg/gui/context.go:736.44,737.37 1 0
github.com/jesseduffield/lazygit/pkg/gui/context.go:737.37,739.4 1 0
github.com/jesseduffield/lazygit/pkg/gui/context.go:745.53,747.16 2 0
github.com/jesseduffield/lazygit/pkg/gui/context.go:751.2,754.31 3 0
github.com/jesseduffield/lazygit/pkg/gui/context.go:747.16,749.3 1 0
github.com/jesseduffield/lazygit/pkg/gui/context.go:769.55,771.31 2 0
github.com/jesseduffield/lazygit/pkg/gui/context.go:775.2,777.8 2 0
github.com/jesseduffield/lazygit/pkg/gui/context.go:781.2,781.11 1 0
github.com/jesseduffield/lazygit/pkg/gui/context.go:771.31,773.3 1 0
github.com/jesseduffield/lazygit/pkg/gui/context.go:777.8,779.3 1 0
github.com/jesseduffield/lazygit/pkg/gui/global_handlers.go:15.69,16.59 1 0
github.com/jesseduffield/lazygit/pkg/gui/global_handlers.go:22.2,22.12 1 0
github.com/jesseduffield/lazygit/pkg/gui/global_handlers.go:16.59,17.52 1 0
github.com/jesseduffield/lazygit/pkg/gui/global_handlers.go:17.52,19.4 1 0
github.com/jesseduffield/lazygit/pkg/gui/global_handlers.go:25.67,29.2 2 0
github.com/jesseduffield/lazygit/pkg/gui/global_handlers.go:31.67,35.2 2 0
github.com/jesseduffield/lazygit/pkg/gui/global_handlers.go:37.53,39.16 2 0
github.com/jesseduffield/lazygit/pkg/gui/global_handlers.go:42.2,44.38 3 0
github.com/jesseduffield/lazygit/pkg/gui/global_handlers.go:39.16,41.3 1 0
github.com/jesseduffield/lazygit/pkg/gui/global_handlers.go:47.55,49.16 2 0
github.com/jesseduffield/lazygit/pkg/gui/global_handlers.go:52.2,54.54 3 0
github.com/jesseduffield/lazygit/pkg/gui/global_handlers.go:58.2,59.32 2 0
github.com/jesseduffield/lazygit/pkg/gui/global_handlers.go:64.2,64.59 1 0
github.com/jesseduffield/lazygit/pkg/gui/global_handlers.go:67.2,67.12 1 0
github.com/jesseduffield/lazygit/pkg/gui/global_handlers.go:49.16,51.3 1 0
github.com/jesseduffield/lazygit/pkg/gui/global_handlers.go:54.54,57.3 2 0
github.com/jesseduffield/lazygit/pkg/gui/global_handlers.go:59.32,60.65 1 0
github.com/jesseduffield/lazygit/pkg/gui/global_handlers.go:60.65,62.4 1 0
github.com/jesseduffield/lazygit/pkg/gui/global_handlers.go:64.59,66.3 1 0
github.com/jesseduffield/lazygit/pkg/gui/global_handlers.go:70.65,71.31 1 0
github.com/jesseduffield/lazygit/pkg/gui/global_handlers.go:75.2,75.33 1 0
github.com/jesseduffield/lazygit/pkg/gui/global_handlers.go:71.31,73.3 1 0
github.com/jesseduffield/lazygit/pkg/gui/global_handlers.go:78.67,79.31 1 0
github.com/jesseduffield/lazygit/pkg/gui/global_handlers.go:83.2,83.35 1 0
github.com/jesseduffield/lazygit/pkg/gui/global_handlers.go:79.31,81.3 1 0
github.com/jesseduffield/lazygit/pkg/gui/global_handlers.go:86.70,88.2 1 0
github.com/jesseduffield/lazygit/pkg/gui/global_handlers.go:90.72,92.2 1 0
github.com/jesseduffield/lazygit/pkg/gui/global_handlers.go:94.78,95.16 1 0
github.com/jesseduffield/lazygit/pkg/gui/global_handlers.go:98.2,98.41 1 0
github.com/jesseduffield/lazygit/pkg/gui/global_handlers.go:95.16,97.3 1 0
github.com/jesseduffield/lazygit/pkg/gui/global_handlers.go:101.80,102.16 1 0
github.com/jesseduffield/lazygit/pkg/gui/global_handlers.go:105.2,105.43 1 0
github.com/jesseduffield/lazygit/pkg/gui/global_handlers.go:102.16,104.3 1 0
github.com/jesseduffield/lazygit/pkg/gui/global_handlers.go:108.66,110.2 1 0
github.com/jesseduffield/lazygit/pkg/gui/global_handlers.go:112.72,113.29 1 0
github.com/jesseduffield/lazygit/pkg/gui/global_handlers.go:117.2,117.32 1 0
github.com/jesseduffield/lazygit/pkg/gui/global_handlers.go:127.2,127.12 1 0
github.com/jesseduffield/lazygit/pkg/gui/global_handlers.go:113.29,115.3 1 0
github.com/jesseduffield/lazygit/pkg/gui/global_handlers.go:118.15,122.51 1 0
github.com/jesseduffield/lazygit/pkg/gui/global_handlers.go:123.21,124.50 1 0
github.com/jesseduffield/lazygit/pkg/gui/global_handlers.go:130.77,131.29 1 0
github.com/jesseduffield/lazygit/pkg/gui/global_handlers.go:135.2,135.32 1 0
github.com/jesseduffield/lazygit/pkg/gui/global_handlers.go:140.2,140.12 1 0
github.com/jesseduffield/lazygit/pkg/gui/global_handlers.go:131.29,133.3 1 0
github.com/jesseduffield/lazygit/pkg/gui/global_handlers.go:136.15,137.50 1 0
github.com/jesseduffield/lazygit/pkg/gui/global_handlers.go:143.68,144.18 1 0
github.com/jesseduffield/lazygit/pkg/gui/global_handlers.go:148.2,151.42 3 0
github.com/jesseduffield/lazygit/pkg/gui/global_handlers.go:161.2,161.56 1 0
github.com/jesseduffield/lazygit/pkg/gui/global_handlers.go:164.2,164.12 1 0
github.com/jesseduffield/lazygit/pkg/gui/global_handlers.go:144.18,146.3 1 0
github.com/jesseduffield/lazygit/pkg/gui/global_handlers.go:151.42,152.22 1 0
github.com/jesseduffield/lazygit/pkg/gui/global_handlers.go:152.22,153.49 1 0
github.com/jesseduffield/lazygit/pkg/gui/global_handlers.go:156.4,156.23 1 0
github.com/jesseduffield/lazygit/pkg/gui/global_handlers.go:153.49,155.5 1 0
github.com/jesseduffield/lazygit/pkg/gui/global_handlers.go:161.56,163.3 1 0
github.com/jesseduffield/lazygit/pkg/gui/global_handlers.go:167.65,172.29 4 0
github.com/jesseduffield/lazygit/pkg/gui/global_handlers.go:176.2,178.95 2 0
github.com/jesseduffield/lazygit/pkg/gui/global_handlers.go:182.2,184.12 2 0
github.com/jesseduffield/lazygit/pkg/gui/global_handlers.go:172.29,174.3 1 0
github.com/jesseduffield/lazygit/pkg/gui/global_handlers.go:178.95,180.3 1 0
github.com/jesseduffield/lazygit/pkg/gui/global_handlers.go:187.70,191.18 2 0
github.com/jesseduffield/lazygit/pkg/gui/global_handlers.go:195.2,195.62 1 0
github.com/jesseduffield/lazygit/pkg/gui/global_handlers.go:199.2,203.12 3 0
github.com/jesseduffield/lazygit/pkg/gui/global_handlers.go:191.18,193.3 1 0
github.com/jesseduffield/lazygit/pkg/gui/global_handlers.go:195.62,197.3 1 0
github.com/jesseduffield/lazygit/pkg/gui/keybindings.go:28.62,30.2 1 0
github.com/jesseduffield/lazygit/pkg/gui/keybindings.go:161.51,164.2 2 0
github.com/jesseduffield/lazygit/pkg/gui/keybindings.go:166.44,169.27 2 0
github.com/jesseduffield/lazygit/pkg/gui/keybindings.go:180.2,180.34 1 0
github.com/jesseduffield/lazygit/pkg/gui/keybindings.go:170.12,171.20 1 0
github.com/jesseduffield/lazygit/pkg/gui/keybindings.go:172.17,174.9 2 0
github.com/jesseduffield/lazygit/pkg/gui/keybindings.go:177.3,177.20 1 0
github.com/jesseduffield/lazygit/pkg/gui/keybindings.go:174.9,176.4 1 0
github.com/jesseduffield/lazygit/pkg/gui/keybindings.go:183.48,185.19 2 0
github.com/jesseduffield/lazygit/pkg/gui/keybindings.go:195.2,196.12 2 0
github.com/jesseduffield/lazygit/pkg/gui/keybindings.go:185.19,187.21 2 0
github.com/jesseduffield/lazygit/pkg/gui/keybindings.go:187.21,189.4 1 0
github.com/jesseduffield/lazygit/pkg/gui/keybindings.go:189.9,191.4 1 0
github.com/jesseduffield/lazygit/pkg/gui/keybindings.go:192.8,192.27 1 0
github.com/jesseduffield/lazygit/pkg/gui/keybindings.go:192.27,194.3 1 0
github.com/jesseduffield/lazygit/pkg/gui/keybindings.go:200.52,1653.110 3 0
github.com/jesseduffield/lazygit/pkg/gui/keybindings.go:1663.2,1663.85 1 0
github.com/jesseduffield/lazygit/pkg/gui/keybindings.go:1667.2,1667.48 1 0
github.com/jesseduffield/lazygit/pkg/gui/keybindings.go:1686.2,1688.17 2 0
github.com/jesseduffield/lazygit/pkg/gui/keybindings.go:1653.110,1660.3 1 0
github.com/jesseduffield/lazygit/pkg/gui/keybindings.go:1663.85,1665.3 1 0
github.com/jesseduffield/lazygit/pkg/gui/keybindings.go:1667.48,1684.3 1 0
github.com/jesseduffield/lazygit/pkg/gui/keybindings.go:1691.37,1696.35 3 0
github.com/jesseduffield/lazygit/pkg/gui/keybindings.go:1702.2,1702.48 1 0
github.com/jesseduffield/lazygit/pkg/gui/keybindings.go:1711.2,1711.12 1 0
github.com/jesseduffield/lazygit/pkg/gui/keybindings.go:1696.35,1697.129 1 0
github.com/jesseduffield/lazygit/pkg/gui/keybindings.go:1697.129,1699.4 1 0
github.com/jesseduffield/lazygit/pkg/gui/keybindings.go:1702.48,1704.48 2 0
github.com/jesseduffield/lazygit/pkg/gui/keybindings.go:1706.3,1706.78 1 0
github.com/jesseduffield/lazygit/pkg/gui/keybindings.go:1704.48,1704.97 1 0
github.com/jesseduffield/lazygit/pkg/gui/keybindings.go:1706.78,1708.4 1 0
github.com/jesseduffield/lazygit/pkg/gui/layout.go:12.41,13.42 1 0
github.com/jesseduffield/lazygit/pkg/gui/layout.go:19.2,19.17 1 0
github.com/jesseduffield/lazygit/pkg/gui/layout.go:13.42,14.22 1 0
github.com/jesseduffield/lazygit/pkg/gui/layout.go:14.22,16.4 1 0
github.com/jesseduffield/lazygit/pkg/gui/layout.go:19.17,22.3 2 0
github.com/jesseduffield/lazygit/pkg/gui/layout.go:22.8,24.3 1 0
github.com/jesseduffield/lazygit/pkg/gui/layout.go:28.44,34.52 5 0
github.com/jesseduffield/lazygit/pkg/gui/layout.go:47.2,59.16 8 0
github.com/jesseduffield/lazygit/pkg/gui/layout.go:73.2,73.101 1 0
github.com/jesseduffield/lazygit/pkg/gui/layout.go:102.2,103.16 2 0
github.com/jesseduffield/lazygit/pkg/gui/layout.go:113.2,114.16 2 0
github.com/jesseduffield/lazygit/pkg/gui/layout.go:124.2,126.75 2 0
github.com/jesseduffield/lazygit/pkg/gui/layout.go:134.2,135.16 2 0
github.com/jesseduffield/lazygit/pkg/gui/layout.go:145.2,146.16 2 0
github.com/jesseduffield/lazygit/pkg/gui/layout.go:155.2,156.16 2 0
github.com/jesseduffield/lazygit/pkg/gui/layout.go:166.2,167.16 2 0
github.com/jesseduffield/lazygit/pkg/gui/layout.go:176.2,177.16 2 0
github.com/jesseduffield/lazygit/pkg/gui/layout.go:186.2,186.39 1 0
github.com/jesseduffield/lazygit/pkg/gui/layout.go:200.2,200.53 1 0
github.com/jesseduffield/lazygit/pkg/gui/layout.go:213.2,213.78 1 0
github.com/jesseduffield/lazygit/pkg/gui/layout.go:227.2,227.103 1 0
github.com/jesseduffield/lazygit/pkg/gui/layout.go:238.2,238.85 1 0
github.com/jesseduffield/lazygit/pkg/gui/layout.go:249.2,249.94 1 0
github.com/jesseduffield/lazygit/pkg/gui/layout.go:259.2,260.16 2 0
github.com/jesseduffield/lazygit/pkg/gui/layout.go:269.2,269.48 1 0
github.com/jesseduffield/lazygit/pkg/gui/layout.go:274.2,274.32 1 0
github.com/jesseduffield/lazygit/pkg/gui/layout.go:285.2,305.53 3 0
github.com/jesseduffield/lazygit/pkg/gui/layout.go:308.2,308.53 1 0
github.com/jesseduffield/lazygit/pkg/gui/layout.go:322.2,325.92 3 0
github.com/jesseduffield/lazygit/pkg/gui/layout.go:337.2,337.38 1 0
github.com/jesseduffield/lazygit/pkg/gui/layout.go:34.52,36.17 2 0
github.com/jesseduffield/lazygit/pkg/gui/layout.go:44.3,44.13 1 0
github.com/jesseduffield/lazygit/pkg/gui/layout.go:36.17,37.45 1 0
github.com/jesseduffield/lazygit/pkg/gui/layout.go:40.4,42.34 3 0
github.com/jesseduffield/lazygit/pkg/gui/layout.go:37.45,39.5 1 0
github.com/jesseduffield/lazygit/pkg/gui/layout.go:59.16,63.21 4 0
github.com/jesseduffield/lazygit/pkg/gui/layout.go:63.21,64.59 1 0
github.com/jesseduffield/lazygit/pkg/gui/layout.go:67.4,67.64 1 0
github.com/jesseduffield/lazygit/pkg/gui/layout.go:64.59,66.5 1 0
github.com/jesseduffield/lazygit/pkg/gui/layout.go:67.64,69.5 1 0
github.com/jesseduffield/lazygit/pkg/gui/layout.go:73.101,76.10 2 0
github.com/jesseduffield/lazygit/pkg/gui/layout.go:88.3,89.12 2 0
github.com/jesseduffield/lazygit/pkg/gui/layout.go:92.3,99.4 1 0
github.com/jesseduffield/lazygit/pkg/gui/layout.go:76.10,82.18 2 0
github.com/jesseduffield/lazygit/pkg/gui/layout.go:85.4,85.38 1 0
github.com/jesseduffield/lazygit/pkg/gui/layout.go:82.18,84.5 1 0
github.com/jesseduffield/lazygit/pkg/gui/layout.go:89.12,91.4 1 0
github.com/jesseduffield/lazygit/pkg/gui/layout.go:103.16,104.44 1 0
github.com/jesseduffield/lazygit/pkg/gui/layout.go:107.3,110.33 4 0
[...]
github.com/jesseduffield/lazygit/pkg/gui/merge_panel.go:31.49,33.153 2 0
github.com/jesseduffield/lazygit/pkg/gui/merge_panel.go:33.153,35.4 1 0
github.com/jesseduffield/lazygit/pkg/gui/merge_panel.go:35.9,35.38 1 0
github.com/jesseduffield/lazygit/pkg/gui/merge_panel.go:35.38,37.4 1 0
github.com/jesseduffield/lazygit/pkg/gui/merge_panel.go:37.9,37.56 1 0
github.com/jesseduffield/lazygit/pkg/gui/merge_panel.go:37.56,40.4 2 0
github.com/jesseduffield/lazygit/pkg/gui/merge_panel.go:45.103,47.2 1 0
github.com/jesseduffield/lazygit/pkg/gui/merge_panel.go:49.91,51.2 1 0
github.com/jesseduffield/lazygit/pkg/gui/merge_panel.go:53.138,54.25 1 0
github.com/jesseduffield/lazygit/pkg/gui/merge_panel.go:57.2,59.49 3 0
github.com/jesseduffield/lazygit/pkg/gui/merge_panel.go:74.2,74.30 1 0
github.com/jesseduffield/lazygit/pkg/gui/merge_panel.go:54.25,56.3 1 0
github.com/jesseduffield/lazygit/pkg/gui/merge_panel.go:59.49,61.71 2 0
github.com/jesseduffield/lazygit/pkg/gui/merge_panel.go:64.3,65.142 2 0
github.com/jesseduffield/lazygit/pkg/gui/merge_panel.go:69.3,69.55 1 0
github.com/jesseduffield/lazygit/pkg/gui/merge_panel.go:72.3,72.75 1 0
github.com/jesseduffield/lazygit/pkg/gui/merge_panel.go:61.71,63.4 1 0
github.com/jesseduffield/lazygit/pkg/gui/merge_panel.go:65.142,68.4 2 0
github.com/jesseduffield/lazygit/pkg/gui/merge_panel.go:69.55,71.4 1 0
github.com/jesseduffield/lazygit/pkg/gui/merge_panel.go:77.37,79.2 1 0
github.com/jesseduffield/lazygit/pkg/gui/merge_panel.go:81.68,85.2 3 0
github.com/jesseduffield/lazygit/pkg/gui/merge_panel.go:87.71,91.2 3 0
github.com/jesseduffield/lazygit/pkg/gui/merge_panel.go:93.77,95.89 2 0
github.com/jesseduffield/lazygit/pkg/gui/merge_panel.go:98.2,99.32 2 0
github.com/jesseduffield/lazygit/pkg/gui/merge_panel.go:95.89,97.3 1 0
github.com/jesseduffield/lazygit/pkg/gui/merge_panel.go:102.77,104.49 2 0
github.com/jesseduffield/lazygit/pkg/gui/merge_panel.go:107.2,108.32 2 0
github.com/jesseduffield/lazygit/pkg/gui/merge_panel.go:104.49,106.3 1 0
github.com/jesseduffield/lazygit/pkg/gui/merge_panel.go:111.86,118.2 1 0
github.com/jesseduffield/lazygit/pkg/gui/merge_panel.go:120.80,122.20 2 0
github.com/jesseduffield/lazygit/pkg/gui/merge_panel.go:125.2,126.16 2 0
github.com/jesseduffield/lazygit/pkg/gui/merge_panel.go:129.2,133.24 4 0
github.com/jesseduffield/lazygit/pkg/gui/merge_panel.go:142.2,142.61 1 0
github.com/jesseduffield/lazygit/pkg/gui/merge_panel.go:122.20,124.3 1 0
github.com/jesseduffield/lazygit/pkg/gui/merge_panel.go:126.16,128.3 1 0
github.com/jesseduffield/lazygit/pkg/gui/merge_panel.go:133.24,135.17 2 0
github.com/jesseduffield/lazygit/pkg/gui/merge_panel.go:138.3,138.46 1 0
github.com/jesseduffield/lazygit/pkg/gui/merge_panel.go:135.17,136.9 1 0
github.com/jesseduffield/lazygit/pkg/gui/merge_panel.go:138.46,140.4 1 0
github.com/jesseduffield/lazygit/pkg/gui/merge_panel.go:145.42,147.20 2 0
github.com/jesseduffield/lazygit/pkg/gui/merge_panel.go:150.2,151.16 2 0
github.com/jesseduffield/lazygit/pkg/gui/merge_panel.go:154.2,155.12 2 0
github.com/jesseduffield/lazygit/pkg/gui/merge_panel.go:147.20,149.3 1 0
github.com/jesseduffield/lazygit/pkg/gui/merge_panel.go:151.16,153.3 1 0
github.com/jesseduffield/lazygit/pkg/gui/merge_panel.go:158.74,159.53 1 0
github.com/jesseduffield/lazygit/pkg/gui/merge_panel.go:162.2,164.20 3 0
github.com/jesseduffield/lazygit/pkg/gui/merge_panel.go:167.2,167.82 1 0
github.com/jesseduffield/lazygit/pkg/gui/merge_panel.go:171.2,171.32 1 0
github.com/jesseduffield/lazygit/pkg/gui/merge_panel.go:159.53,161.3 1 0
github.com/jesseduffield/lazygit/pkg/gui/merge_panel.go:164.20,166.3 1 0
github.com/jesseduffield/lazygit/pkg/gui/merge_panel.go:167.82,169.3 1 0
github.com/jesseduffield/lazygit/pkg/gui/merge_panel.go:174.67,178.47 3 0
github.com/jesseduffield/lazygit/pkg/gui/merge_panel.go:182.2,183.42 2 0
github.com/jesseduffield/lazygit/pkg/gui/merge_panel.go:186.2,187.16 2 0
github.com/jesseduffield/lazygit/pkg/gui/merge_panel.go:192.2,192.50 1 0
github.com/jesseduffield/lazygit/pkg/gui/merge_panel.go:197.2,197.32 1 0
github.com/jesseduffield/lazygit/pkg/gui/merge_panel.go:178.47,180.3 1 0
github.com/jesseduffield/lazygit/pkg/gui/merge_panel.go:183.42,185.3 1 0
github.com/jesseduffield/lazygit/pkg/gui/merge_panel.go:187.16,188.13 1 0
github.com/jesseduffield/lazygit/pkg/gui/merge_panel.go:192.50,193.51 1 0
github.com/jesseduffield/lazygit/pkg/gui/merge_panel.go:193.51,195.4 1 0
github.com/jesseduffield/lazygit/pkg/gui/merge_panel.go:200.72,204.47 3 0
github.com/jesseduffield/lazygit/pkg/gui/merge_panel.go:207.2,208.16 2 0
github.com/jesseduffield/lazygit/pkg/gui/merge_panel.go:211.2,211.32 1 0
github.com/jesseduffield/lazygit/pkg/gui/merge_panel.go:204.47,206.3 1 0
github.com/jesseduffield/lazygit/pkg/gui/merge_panel.go:208.16,209.13 1 0
github.com/jesseduffield/lazygit/pkg/gui/merge_panel.go:214.43,217.16 3 0
github.com/jesseduffield/lazygit/pkg/gui/merge_panel.go:226.2,229.36 2 0
github.com/jesseduffield/lazygit/pkg/gui/merge_panel.go:235.2,238.47 3 0
github.com/jesseduffield/lazygit/pkg/gui/merge_panel.go:242.2,248.4 1 0
github.com/jesseduffield/lazygit/pkg/gui/merge_panel.go:217.16,224.3 1 0
github.com/jesseduffield/lazygit/pkg/gui/merge_panel.go:229.36,231.3 1 0
github.com/jesseduffield/lazygit/pkg/gui/merge_panel.go:231.8,231.67 1 0
github.com/jesseduffield/lazygit/pkg/gui/merge_panel.go:231.67,233.3 1 0
github.com/jesseduffield/lazygit/pkg/gui/merge_panel.go:238.47,240.3 1 0
github.com/jesseduffield/lazygit/pkg/gui/merge_panel.go:251.51,253.17 2 0
github.com/jesseduffield/lazygit/pkg/gui/merge_panel.go:257.2,257.25 1 0
github.com/jesseduffield/lazygit/pkg/gui/merge_panel.go:261.2,262.16 2 0
github.com/jesseduffield/lazygit/pkg/gui/merge_panel.go:266.2,266.17 1 0
github.com/jesseduffield/lazygit/pkg/gui/merge_panel.go:253.17,255.3 1 0
github.com/jesseduffield/lazygit/pkg/gui/merge_panel.go:257.25,259.3 1 0
github.com/jesseduffield/lazygit/pkg/gui/merge_panel.go:262.16,265.3 2 0
github.com/jesseduffield/lazygit/pkg/gui/merge_panel.go:269.42,270.44 1 0
github.com/jesseduffield/lazygit/pkg/gui/merge_panel.go:274.2,275.36 2 0
github.com/jesseduffield/lazygit/pkg/gui/merge_panel.go:278.2,284.40 7 0
github.com/jesseduffield/lazygit/pkg/gui/merge_panel.go:287.2,287.12 1 0
github.com/jesseduffield/lazygit/pkg/gui/merge_panel.go:270.44,272.3 1 0
github.com/jesseduffield/lazygit/pkg/gui/merge_panel.go:275.36,277.3 1 0
github.com/jesseduffield/lazygit/pkg/gui/merge_panel.go:284.40,286.3 1 0
github.com/jesseduffield/lazygit/pkg/gui/merge_panel.go:290.55,300.2 2 0
github.com/jesseduffield/lazygit/pkg/gui/merge_panel.go:302.43,306.83 3 0
github.com/jesseduffield/lazygit/pkg/gui/merge_panel.go:311.2,311.46 1 0
github.com/jesseduffield/lazygit/pkg/gui/merge_panel.go:314.2,314.12 1 0
github.com/jesseduffield/lazygit/pkg/gui/merge_panel.go:306.83,308.3 1 0
github.com/jesseduffield/lazygit/pkg/gui/merge_panel.go:311.46,313.3 1 0
github.com/jesseduffield/lazygit/pkg/gui/merge_panel.go:317.45,318.48 1 0
github.com/jesseduffield/lazygit/pkg/gui/merge_panel.go:321.2,321.83 1 0
github.com/jesseduffield/lazygit/pkg/gui/merge_panel.go:326.2,326.70 1 0
github.com/jesseduffield/lazygit/pkg/gui/merge_panel.go:330.2,330.39 1 0
github.com/jesseduffield/lazygit/pkg/gui/merge_panel.go:333.2,333.32 1 0
github.com/jesseduffield/lazygit/pkg/gui/merge_panel.go:318.48,320.3 1 0
github.com/jesseduffield/lazygit/pkg/gui/merge_panel.go:321.83,323.3 1 0
github.com/jesseduffield/lazygit/pkg/gui/merge_panel.go:326.70,328.3 1 0
github.com/jesseduffield/lazygit/pkg/gui/merge_panel.go:330.39,332.3 1 0
github.com/jesseduffield/lazygit/pkg/gui/merge_panel.go:337.42,344.31 2 0
github.com/jesseduffield/lazygit/pkg/gui/merge_panel.go:344.31,345.72 1 0
github.com/jesseduffield/lazygit/pkg/gui/merge_panel.go:349.4,349.46 1 0
github.com/jesseduffield/lazygit/pkg/gui/merge_panel.go:345.72,347.5 1 0
github.com/jesseduffield/lazygit/pkg/gui/merge_panel.go:351.29,353.4 1 0
github.com/jesseduffield/lazygit/pkg/gui/merge_panel.go:357.44,359.31 2 0
github.com/jesseduffield/lazygit/pkg/gui/merge_panel.go:363.2,364.17 2 0
github.com/jesseduffield/lazygit/pkg/gui/merge_panel.go:368.2,368.37 1 0
github.com/jesseduffield/lazygit/pkg/gui/merge_panel.go:359.31,361.3 1 0
github.com/jesseduffield/lazygit/pkg/gui/merge_panel.go:364.17,366.3 1 0
github.com/jesseduffield/lazygit/pkg/gui/app_status_manager.go:23.46,28.36 4 0
github.com/jesseduffield/lazygit/pkg/gui/app_status_manager.go:33.2,33.26 1 0
github.com/jesseduffield/lazygit/pkg/gui/app_status_manager.go:28.36,29.22 1 0
github.com/jesseduffield/lazygit/pkg/gui/app_status_manager.go:29.22,31.4 1 0
github.com/jesseduffield/lazygit/pkg/gui/app_status_manager.go:36.62,51.2 7 0
github.com/jesseduffield/lazygit/pkg/gui/app_status_manager.go:53.60,67.12 7 0
github.com/jesseduffield/lazygit/pkg/gui/app_status_manager.go:73.2,73.11 1 0
github.com/jesseduffield/lazygit/pkg/gui/app_status_manager.go:67.12,71.3 2 0
github.com/jesseduffield/lazygit/pkg/gui/app_status_manager.go:76.50,77.26 1 0
github.com/jesseduffield/lazygit/pkg/gui/app_status_manager.go:80.2,81.39 2 0
github.com/jesseduffield/lazygit/pkg/gui/app_status_manager.go:84.2,84.26 1 0
github.com/jesseduffield/lazygit/pkg/gui/app_status_manager.go:77.26,79.3 1 0
github.com/jesseduffield/lazygit/pkg/gui/app_status_manager.go:81.39,83.3 1 0
github.com/jesseduffield/lazygit/pkg/gui/app_status_manager.go:87.44,91.2 2 0
github.com/jesseduffield/lazygit/pkg/gui/app_status_manager.go:93.35,94.23 1 0
github.com/jesseduffield/lazygit/pkg/gui/app_status_manager.go:94.23,97.22 3 0
github.com/jesseduffield/lazygit/pkg/gui/app_status_manager.go:97.22,99.23 2 0
github.com/jesseduffield/lazygit/pkg/gui/app_status_manager.go:103.4,103.44 1 0
github.com/jesseduffield/lazygit/pkg/gui/app_status_manager.go:99.23,102.5 2 0
github.com/jesseduffield/lazygit/pkg/gui/app_status_manager.go:109.73,110.23 1 0
github.com/jesseduffield/lazygit/pkg/gui/app_status_manager.go:126.2,126.12 1 0
github.com/jesseduffield/lazygit/pkg/gui/app_status_manager.go:110.23,113.16 2 0
github.com/jesseduffield/lazygit/pkg/gui/app_status_manager.go:117.3,119.29 2 0
github.com/jesseduffield/lazygit/pkg/gui/app_status_manager.go:113.16,115.4 1 0
github.com/jesseduffield/lazygit/pkg/gui/app_status_manager.go:119.29,120.42 1 0
github.com/jesseduffield/lazygit/pkg/gui/app_status_manager.go:120.42,122.5 1 0
github.com/jesseduffield/lazygit/pkg/gui/patch_building_panel.go:8.72,12.38 3 0
github.com/jesseduffield/lazygit/pkg/gui/patch_building_panel.go:17.2,17.22 1 0
github.com/jesseduffield/lazygit/pkg/gui/patch_building_panel.go:12.38,15.3 2 0
github.com/jesseduffield/lazygit/pkg/gui/patch_building_panel.go:20.92,21.43 1 0
github.com/jesseduffield/lazygit/pkg/gui/patch_building_panel.go:25.2,32.23 5 0
github.com/jesseduffield/lazygit/pkg/gui/patch_building_panel.go:36.2,39.16 4 0
github.com/jesseduffield/lazygit/pkg/gui/patch_building_panel.go:43.2,44.16 2 0
github.com/jesseduffield/lazygit/pkg/gui/patch_building_panel.go:48.2,49.16 2 0
github.com/jesseduffield/lazygit/pkg/gui/patch_building_panel.go:53.2,53.11 1 0
github.com/jesseduffield/lazygit/pkg/gui/patch_building_panel.go:57.2,57.12 1 0
github.com/jesseduffield/lazygit/pkg/gui/patch_building_panel.go:21.43,23.3 1 0
github.com/jesseduffield/lazygit/pkg/gui/patch_building_panel.go:32.23,34.3 1 0
github.com/jesseduffield/lazygit/pkg/gui/patch_building_panel.go:39.16,41.3 1 0
github.com/jesseduffield/lazygit/pkg/gui/patch_building_panel.go:44.16,46.3 1 0
github.com/jesseduffield/lazygit/pkg/gui/patch_building_panel.go:49.16,51.3 1 0
github.com/jesseduffield/lazygit/pkg/gui/patch_building_panel.go:53.11,55.3 1 0
github.com/jesseduffield/lazygit/pkg/gui/patch_building_panel.go:60.76,65.2 3 0
github.com/jesseduffield/lazygit/pkg/gui/patch_building_panel.go:67.55,68.65 1 0
github.com/jesseduffield/lazygit/pkg/gui/patch_building_panel.go:94.2,94.16 1 0
github.com/jesseduffield/lazygit/pkg/gui/patch_building_panel.go:98.2,98.53 1 0
github.com/jesseduffield/lazygit/pkg/gui/patch_building_panel.go:102.2,102.12 1 0
github.com/jesseduffield/lazygit/pkg/gui/patch_building_panel.go:68.65,72.17 4 0
github.com/jesseduffield/lazygit/pkg/gui/patch_building_panel.go:75.3,76.26 2 0
github.com/jesseduffield/lazygit/pkg/gui/patch_building_panel.go:81.3,82.24 2 0
github.com/jesseduffield/lazygit/pkg/gui/patch_building_panel.go:86.3,86.92 1 0
github.com/jesseduffield/lazygit/pkg/gui/patch_building_panel.go:91.3,91.13 1 0
github.com/jesseduffield/lazygit/pkg/gui/patch_building_panel.go:72.17,74.4 1 0
github.com/jesseduffield/lazygit/pkg/gui/patch_building_panel.go:76.26,78.4 1 0
github.com/jesseduffield/lazygit/pkg/gui/patch_building_panel.go:82.24,84.4 1 0
github.com/jesseduffield/lazygit/pkg/gui/patch_building_panel.go:86.92,89.4 1 0
github.com/jesseduffield/lazygit/pkg/gui/patch_building_panel.go:94.16,96.3 1 0
github.com/jesseduffield/lazygit/pkg/gui/patch_building_panel.go:98.53,100.3 1 0
github.com/jesseduffield/lazygit/pkg/gui/patch_building_panel.go:105.56,108.43 2 0
github.com/jesseduffield/lazygit/pkg/gui/patch_building_panel.go:112.2,112.82 1 0
github.com/jesseduffield/lazygit/pkg/gui/patch_building_panel.go:108.43,110.3 1 0
github.com/jesseduffield/lazygit/pkg/gui/patch_building_panel.go:112.82,114.3 1 0
github.com/jesseduffield/lazygit/pkg/gui/patch_building_panel.go:114.8,117.3 1 0
github.com/jesseduffield/lazygit/pkg/gui/patch_building_panel.go:120.65,121.42 1 0
github.com/jesseduffield/lazygit/pkg/gui/patch_building_panel.go:132.2,132.12 1 0
github.com/jesseduffield/lazygit/pkg/gui/patch_building_panel.go:121.42,130.3 2 0
github.com/jesseduffield/lazygit/pkg/gui/quitting.go:13.48,14.45 1 0
github.com/jesseduffield/lazygit/pkg/gui/quitting.go:19.2,20.16 2 0
github.com/jesseduffield/lazygit/pkg/gui/quitting.go:24.2,24.88 1 0
github.com/jesseduffield/lazygit/pkg/gui/quitting.go:14.45,16.3 1 0
github.com/jesseduffield/lazygit/pkg/gui/quitting.go:20.16,22.3 1 0
github.com/jesseduffield/lazygit/pkg/gui/quitting.go:27.87,30.2 2 0
github.com/jesseduffield/lazygit/pkg/gui/quitting.go:32.36,35.2 2 0
github.com/jesseduffield/lazygit/pkg/gui/quitting.go:37.73,41.64 3 0
github.com/jesseduffield/lazygit/pkg/gui/quitting.go:46.2,46.42 1 0
github.com/jesseduffield/lazygit/pkg/gui/quitting.go:52.2,53.28 2 0
github.com/jesseduffield/lazygit/pkg/gui/quitting.go:63.2,63.53 1 0
github.com/jesseduffield/lazygit/pkg/gui/quitting.go:67.2,67.12 1 0
github.com/jesseduffield/lazygit/pkg/gui/quitting.go:41.64,44.3 1 0
github.com/jesseduffield/lazygit/pkg/gui/quitting.go:46.42,47.22 1 0
github.com/jesseduffield/lazygit/pkg/gui/quitting.go:47.22,49.4 1 0
github.com/jesseduffield/lazygit/pkg/gui/quitting.go:53.28,61.3 4 0
github.com/jesseduffield/lazygit/pkg/gui/quitting.go:63.53,65.3 1 0
github.com/jesseduffield/lazygit/pkg/gui/quitting.go:70.30,71.24 1 0
github.com/jesseduffield/lazygit/pkg/gui/quitting.go:75.2,75.46 1 0
github.com/jesseduffield/lazygit/pkg/gui/quitting.go:85.2,85.22 1 0
github.com/jesseduffield/lazygit/pkg/gui/quitting.go:71.24,73.3 1 0
github.com/jesseduffield/lazygit/pkg/gui/quitting.go:75.46,79.32 1 0
github.com/jesseduffield/lazygit/pkg/gui/quitting.go:79.32,81.5 1 0
github.com/jesseduffield/lazygit/pkg/gui/reset_menu_panel.go:10.101,11.77 1 0
github.com/jesseduffield/lazygit/pkg/gui/reset_menu_panel.go:15.2,20.78 4 0
github.com/jesseduffield/lazygit/pkg/gui/reset_menu_panel.go:24.2,24.110 1 0
github.com/jesseduffield/lazygit/pkg/gui/reset_menu_panel.go:28.2,28.12 1 0
github.com/jesseduffield/lazygit/pkg/gui/reset_menu_panel.go:11.77,13.3 1 0
github.com/jesseduffield/lazygit/pkg/gui/reset_menu_panel.go:20.78,22.3 1 0
github.com/jesseduffield/lazygit/pkg/gui/reset_menu_panel.go:24.110,26.3 1 0
github.com/jesseduffield/lazygit/pkg/gui/reset_menu_panel.go:31.51,34.37 3 0
github.com/jesseduffield/lazygit/pkg/gui/reset_menu_panel.go:49.2,49.116 1 0
github.com/jesseduffield/lazygit/pkg/gui/reset_menu_panel.go:34.37,43.26 2 0
github.com/jesseduffield/lazygit/pkg/gui/reset_menu_panel.go:43.26,45.5 1 0
github.com/jesseduffield/lazygit/pkg/gui/searching.go:11.69,17.71 4 0
github.com/jesseduffield/lazygit/pkg/gui/searching.go:21.2,21.12 1 0
github.com/jesseduffield/lazygit/pkg/gui/searching.go:17.71,19.3 1 0
github.com/jesseduffield/lazygit/pkg/gui/searching.go:24.65,26.48 2 0
github.com/jesseduffield/lazygit/pkg/gui/searching.go:30.2,31.17 2 0
github.com/jesseduffield/lazygit/pkg/gui/searching.go:35.2,35.70 1 0
github.com/jesseduffield/lazygit/pkg/gui/searching.go:39.2,39.12 1 0
github.com/jesseduffield/lazygit/pkg/gui/searching.go:26.48,28.3 1 0
github.com/jesseduffield/lazygit/pkg/gui/searching.go:31.17,33.3 1 0
github.com/jesseduffield/lazygit/pkg/gui/searching.go:35.70,37.3 1 0
github.com/jesseduffield/lazygit/pkg/gui/searching.go:42.90,45.49 2 0
github.com/jesseduffield/lazygit/pkg/gui/searching.go:45.49,46.17 1 0
github.com/jesseduffield/lazygit/pkg/gui/searching.go:60.3,78.38 2 0
github.com/jesseduffield/lazygit/pkg/gui/searching.go:81.3,81.13 1 0
github.com/jesseduffield/lazygit/pkg/gui/searching.go:46.17,59.4 2 0
github.com/jesseduffield/lazygit/pkg/gui/searching.go:78.38,80.4 1 0
github.com/jesseduffield/lazygit/pkg/gui/searching.go:85.40,87.37 2 0
github.com/jesseduffield/lazygit/pkg/gui/searching.go:92.2,92.12 1 0
github.com/jesseduffield/lazygit/pkg/gui/searching.go:87.37,90.3 2 0
github.com/jesseduffield/lazygit/pkg/gui/searching.go:95.71,96.45 1 0
github.com/jesseduffield/lazygit/pkg/gui/searching.go:100.2,100.48 1 0
github.com/jesseduffield/lazygit/pkg/gui/searching.go:104.2,104.12 1 0
github.com/jesseduffield/lazygit/pkg/gui/searching.go:96.45,98.3 1 0
github.com/jesseduffield/lazygit/pkg/gui/searching.go:100.48,102.3 1 0
github.com/jesseduffield/lazygit/pkg/gui/side_window.go:5.40,9.69 4 0
github.com/jesseduffield/lazygit/pkg/gui/side_window.go:22.2,22.59 1 0
github.com/jesseduffield/lazygit/pkg/gui/side_window.go:26.2,28.42 2 0
github.com/jesseduffield/lazygit/pkg/gui/side_window.go:9.69,11.3 1 0
github.com/jesseduffield/lazygit/pkg/gui/side_window.go:11.8,12.26 1 0
github.com/jesseduffield/lazygit/pkg/gui/side_window.go:12.26,13.35 1 0
github.com/jesseduffield/lazygit/pkg/gui/side_window.go:17.4,17.27 1 0
github.com/jesseduffield/lazygit/pkg/gui/side_window.go:13.35,15.10 2 0
github.com/jesseduffield/lazygit/pkg/gui/side_window.go:17.27,19.5 1 0
github.com/jesseduffield/lazygit/pkg/gui/side_window.go:22.59,24.3 1 0
github.com/jesseduffield/lazygit/pkg/gui/side_window.go:31.44,35.56 4 0
github.com/jesseduffield/lazygit/pkg/gui/side_window.go:48.2,48.59 1 0
github.com/jesseduffield/lazygit/pkg/gui/side_window.go:52.2,54.42 2 0
github.com/jesseduffield/lazygit/pkg/gui/side_window.go:35.56,37.3 1 0
github.com/jesseduffield/lazygit/pkg/gui/side_window.go:37.8,38.26 1 0
github.com/jesseduffield/lazygit/pkg/gui/side_window.go:38.26,39.35 1 0
github.com/jesseduffield/lazygit/pkg/gui/side_window.go:43.4,43.27 1 0
github.com/jesseduffield/lazygit/pkg/gui/side_window.go:39.35,41.10 2 0
github.com/jesseduffield/lazygit/pkg/gui/side_window.go:43.27,45.5 1 0
github.com/jesseduffield/lazygit/pkg/gui/side_window.go:48.59,50.3 1 0
github.com/jesseduffield/lazygit/pkg/gui/side_window.go:57.93,58.49 1 0
github.com/jesseduffield/lazygit/pkg/gui/side_window.go:58.49,60.3 1 0
github.com/jesseduffield/lazygit/pkg/gui/window.go:9.60,11.9 2 0
github.com/jesseduffield/lazygit/pkg/gui/window.go:15.2,15.17 1 0
github.com/jesseduffield/lazygit/pkg/gui/window.go:11.9,13.3 1 0
github.com/jesseduffield/lazygit/pkg/gui/window.go:18.62,19.31 1 0
github.com/jesseduffield/lazygit/pkg/gui/window.go:23.2,23.17 1 0
github.com/jesseduffield/lazygit/pkg/gui/window.go:19.31,21.3 1 0
github.com/jesseduffield/lazygit/pkg/gui/window.go:26.59,27.40 1 0
github.com/jesseduffield/lazygit/pkg/gui/window.go:31.2,31.76 1 0
github.com/jesseduffield/lazygit/pkg/gui/window.go:27.40,29.3 1 0
github.com/jesseduffield/lazygit/pkg/gui/window.go:34.40,36.2 1 0
github.com/jesseduffield/lazygit/pkg/gui/window.go:38.53,42.2 2 0
